<?xml version="1.0" encoding="UTF-8"?>
<testsuite name="com.example.app.users.UsersControllerUnitTests" tests="3" skipped="0" failures="0" errors="0" timestamp="2022-05-10T15:48:25" hostname="df4b2e9d3989" time="1.839">
  <properties/>
  <testcase name="newUser処理でviewとしてnewが渡される()" classname="com.example.app.users.UsersControllerUnitTests" time="0.423"/>
  <testcase name="フォームに値が入力されている場合は確認画面へ()" classname="com.example.app.users.UsersControllerUnitTests" time="0.639"/>
  <testcase name="index処理でviewとしてindexが渡される()" classname="com.example.app.users.UsersControllerUnitTests" time="0.775"/>
  <system-out><![CDATA[2022-05-10 15:48:24.413  INFO 348 --- [    Test worker] .b.t.c.SpringBootTestContextBootstrapper : Neither @ContextConfiguration nor @ContextHierarchy found for test class [com.example.app.users.UsersControllerUnitTests], using SpringBootContextLoader
2022-05-10 15:48:24.485  INFO 348 --- [    Test worker] o.s.t.c.support.AbstractContextLoader    : Could not detect default resource locations for test class [com.example.app.users.UsersControllerUnitTests]: no resource found for suffixes {-context.xml, Context.groovy}.
2022-05-10 15:48:24.486  INFO 348 --- [    Test worker] t.c.s.AnnotationConfigContextLoaderUtils : Could not detect default configuration classes for test class [com.example.app.users.UsersControllerUnitTests]: UsersControllerUnitTests does not declare any static, non-private, non-final, nested classes annotated with @Configuration.
2022-05-10 15:48:24.973  INFO 348 --- [    Test worker] .b.t.c.SpringBootTestContextBootstrapper : Found @SpringBootConfiguration com.example.app.AppApplication for test class com.example.app.users.UsersControllerUnitTests
2022-05-10 15:48:25.061  INFO 348 --- [    Test worker] .b.t.c.SpringBootTestContextBootstrapper : Loaded default TestExecutionListener class names from location [META-INF/spring.factories]: [org.springframework.boot.test.autoconfigure.restdocs.RestDocsTestExecutionListener, org.springframework.boot.test.autoconfigure.web.client.MockRestServiceServerResetTestExecutionListener, org.springframework.boot.test.autoconfigure.web.servlet.MockMvcPrintOnlyOnFailureTestExecutionListener, org.springframework.boot.test.autoconfigure.web.servlet.WebDriverTestExecutionListener, org.springframework.boot.test.autoconfigure.webservices.client.MockWebServiceServerTestExecutionListener, org.springframework.boot.test.mock.mockito.MockitoTestExecutionListener, org.springframework.boot.test.mock.mockito.ResetMocksTestExecutionListener, org.springframework.test.context.web.ServletTestExecutionListener, org.springframework.test.context.support.DirtiesContextBeforeModesTestExecutionListener, org.springframework.test.context.event.ApplicationEventsTestExecutionListener, org.springframework.test.context.support.DependencyInjectionTestExecutionListener, org.springframework.test.context.support.DirtiesContextTestExecutionListener, org.springframework.test.context.transaction.TransactionalTestExecutionListener, org.springframework.test.context.jdbc.SqlScriptsTestExecutionListener, org.springframework.test.context.event.EventPublishingTestExecutionListener]
2022-05-10 15:48:25.062  INFO 348 --- [    Test worker] .b.t.c.SpringBootTestContextBootstrapper : Using TestExecutionListeners: [org.springframework.test.context.web.ServletTestExecutionListener@56a63c28, org.springframework.test.context.support.DirtiesContextBeforeModesTestExecutionListener@3b6098fd, org.springframework.test.context.event.ApplicationEventsTestExecutionListener@4ce5013a, org.springframework.boot.test.mock.mockito.MockitoTestExecutionListener@4c219c84, org.springframework.boot.test.autoconfigure.SpringBootDependencyInjectionTestExecutionListener@2b01be54, org.springframework.test.context.support.DirtiesContextTestExecutionListener@14997cb9, org.springframework.test.context.transaction.TransactionalTestExecutionListener@701153c1, org.springframework.test.context.jdbc.SqlScriptsTestExecutionListener@301434fb, org.springframework.test.context.event.EventPublishingTestExecutionListener@1641dfb3, org.springframework.boot.test.autoconfigure.restdocs.RestDocsTestExecutionListener@49620576, org.springframework.boot.test.autoconfigure.web.client.MockRestServiceServerResetTestExecutionListener@3397c8c0, org.springframework.boot.test.autoconfigure.web.servlet.MockMvcPrintOnlyOnFailureTestExecutionListener@22b581a5, org.springframework.boot.test.autoconfigure.web.servlet.WebDriverTestExecutionListener@3a917e07, org.springframework.boot.test.autoconfigure.webservices.client.MockWebServiceServerTestExecutionListener@63019596, org.springframework.boot.test.mock.mockito.ResetMocksTestExecutionListener@6edd80fe]
2022-05-10 15:48:25.225 TRACE 348 --- [    Test worker] s.w.s.m.m.a.RequestMappingHandlerMapping : Mapped to com.example.app.controller.UserController#newUser(Model)
2022-05-10 15:48:25.227 TRACE 348 --- [    Test worker] o.s.web.method.HandlerMethod             : Arguments: [{}]
2022-05-10 15:48:25.228 TRACE 348 --- [    Test worker] s.w.s.m.m.a.RequestMappingHandlerAdapter : Applying default cacheSeconds=-1
2022-05-10 15:48:25.230 DEBUG 348 --- [    Test worker] o.s.w.s.v.ContentNegotiatingViewResolver : Selected '*/*' given [*/*]
2022-05-10 15:48:25.651 TRACE 348 --- [    Test worker] s.w.s.m.m.a.RequestMappingHandlerMapping : Mapped to com.example.app.controller.UserController#confirm(String, String, String, Model)
2022-05-10 15:48:26.061 TRACE 348 --- [    Test worker] o.s.web.method.HandlerMethod             : Arguments: [テスト, test@test, テストです。, {}]
2022-05-10 15:48:26.062 TRACE 348 --- [    Test worker] s.w.s.m.m.a.RequestMappingHandlerAdapter : Applying default cacheSeconds=-1
2022-05-10 15:48:26.064 DEBUG 348 --- [    Test worker] o.s.w.s.v.ContentNegotiatingViewResolver : Selected '*/*' given [*/*]
2022-05-10 15:48:26.291 TRACE 348 --- [    Test worker] s.w.s.m.m.a.RequestMappingHandlerMapping : Mapped to com.example.app.controller.UserController#index(Model)
2022-05-10 15:48:26.293 TRACE 348 --- [    Test worker] o.s.web.method.HandlerMethod             : Arguments: [{}]
2022-05-10 15:48:26.311 TRACE 348 --- [    Test worker] s.w.s.m.m.a.RequestMappingHandlerAdapter : Applying default cacheSeconds=-1
2022-05-10 15:48:26.313 DEBUG 348 --- [    Test worker] o.s.w.s.v.ContentNegotiatingViewResolver : Selected '*/*' given [*/*]
]]></system-out>
  <system-err><![CDATA[]]></system-err>
</testsuite>
