<?xml version="1.0" encoding="UTF-8"?>
<testsuite name="com.example.app.users.UsersControllerUnitTests" tests="3" skipped="0" failures="0" errors="0" timestamp="2022-05-11T01:35:40" hostname="f8daef63a265" time="0.61">
  <properties/>
  <testcase name="newUser処理でviewとしてnewが渡される()" classname="com.example.app.users.UsersControllerUnitTests" time="0.129"/>
  <testcase name="フォームに値が入力されている場合は確認画面へ()" classname="com.example.app.users.UsersControllerUnitTests" time="0.211"/>
  <testcase name="index処理でviewとしてindexが渡される()" classname="com.example.app.users.UsersControllerUnitTests" time="0.268"/>
  <system-out><![CDATA[2022-05-11 01:35:40.638  INFO 339 --- [    Test worker] .b.t.c.SpringBootTestContextBootstrapper : Neither @ContextConfiguration nor @ContextHierarchy found for test class [com.example.app.users.UsersControllerUnitTests], using SpringBootContextLoader
2022-05-11 01:35:40.654  INFO 339 --- [    Test worker] o.s.t.c.support.AbstractContextLoader    : Could not detect default resource locations for test class [com.example.app.users.UsersControllerUnitTests]: no resource found for suffixes {-context.xml, Context.groovy}.
2022-05-11 01:35:40.655  INFO 339 --- [    Test worker] t.c.s.AnnotationConfigContextLoaderUtils : Could not detect default configuration classes for test class [com.example.app.users.UsersControllerUnitTests]: UsersControllerUnitTests does not declare any static, non-private, non-final, nested classes annotated with @Configuration.
2022-05-11 01:35:40.660  INFO 339 --- [    Test worker] .b.t.c.SpringBootTestContextBootstrapper : Found @SpringBootConfiguration com.example.app.AppApplication for test class com.example.app.users.UsersControllerUnitTests
2022-05-11 01:35:40.681  INFO 339 --- [    Test worker] .b.t.c.SpringBootTestContextBootstrapper : Loaded default TestExecutionListener class names from location [META-INF/spring.factories]: [org.springframework.boot.test.autoconfigure.restdocs.RestDocsTestExecutionListener, org.springframework.boot.test.autoconfigure.web.client.MockRestServiceServerResetTestExecutionListener, org.springframework.boot.test.autoconfigure.web.servlet.MockMvcPrintOnlyOnFailureTestExecutionListener, org.springframework.boot.test.autoconfigure.web.servlet.WebDriverTestExecutionListener, org.springframework.boot.test.autoconfigure.webservices.client.MockWebServiceServerTestExecutionListener, org.springframework.boot.test.mock.mockito.MockitoTestExecutionListener, org.springframework.boot.test.mock.mockito.ResetMocksTestExecutionListener, org.springframework.test.context.web.ServletTestExecutionListener, org.springframework.test.context.support.DirtiesContextBeforeModesTestExecutionListener, org.springframework.test.context.event.ApplicationEventsTestExecutionListener, org.springframework.test.context.support.DependencyInjectionTestExecutionListener, org.springframework.test.context.support.DirtiesContextTestExecutionListener, org.springframework.test.context.transaction.TransactionalTestExecutionListener, org.springframework.test.context.jdbc.SqlScriptsTestExecutionListener, org.springframework.test.context.event.EventPublishingTestExecutionListener]
2022-05-11 01:35:40.681  INFO 339 --- [    Test worker] .b.t.c.SpringBootTestContextBootstrapper : Using TestExecutionListeners: [org.springframework.test.context.web.ServletTestExecutionListener@747b8f5c, org.springframework.test.context.support.DirtiesContextBeforeModesTestExecutionListener@428440f2, org.springframework.test.context.event.ApplicationEventsTestExecutionListener@23c24c0e, org.springframework.boot.test.mock.mockito.MockitoTestExecutionListener@7e729046, org.springframework.boot.test.autoconfigure.SpringBootDependencyInjectionTestExecutionListener@565bf1bb, org.springframework.test.context.support.DirtiesContextTestExecutionListener@3638a852, org.springframework.test.context.transaction.TransactionalTestExecutionListener@7ab20a7, org.springframework.test.context.jdbc.SqlScriptsTestExecutionListener@6db160b4, org.springframework.test.context.event.EventPublishingTestExecutionListener@64ee9290, org.springframework.boot.test.autoconfigure.restdocs.RestDocsTestExecutionListener@17e7cc67, org.springframework.boot.test.autoconfigure.web.client.MockRestServiceServerResetTestExecutionListener@49976824, org.springframework.boot.test.autoconfigure.web.servlet.MockMvcPrintOnlyOnFailureTestExecutionListener@2fc51562, org.springframework.boot.test.autoconfigure.web.servlet.WebDriverTestExecutionListener@3f2f6818, org.springframework.boot.test.autoconfigure.webservices.client.MockWebServiceServerTestExecutionListener@16021f6e, org.springframework.boot.test.mock.mockito.ResetMocksTestExecutionListener@642693c2]
2022-05-11 01:35:40.720 TRACE 339 --- [    Test worker] s.w.s.m.m.a.RequestMappingHandlerMapping : Mapped to com.example.app.controller.UserController#newUser(Model)
2022-05-11 01:35:40.722 TRACE 339 --- [    Test worker] o.s.web.method.HandlerMethod             : Arguments: [{}]
2022-05-11 01:35:40.723 TRACE 339 --- [    Test worker] s.w.s.m.m.a.RequestMappingHandlerAdapter : Applying default cacheSeconds=-1
2022-05-11 01:35:40.725 DEBUG 339 --- [    Test worker] o.s.w.s.v.ContentNegotiatingViewResolver : Selected '*/*' given [*/*]
2022-05-11 01:35:40.848 TRACE 339 --- [    Test worker] s.w.s.m.m.a.RequestMappingHandlerMapping : Mapped to com.example.app.controller.UserController#confirm(String, String, String, Model)
2022-05-11 01:35:40.939 TRACE 339 --- [    Test worker] o.s.web.method.HandlerMethod             : Arguments: [テスト, test@test, テストです。, {}]
2022-05-11 01:35:40.940 TRACE 339 --- [    Test worker] s.w.s.m.m.a.RequestMappingHandlerAdapter : Applying default cacheSeconds=-1
2022-05-11 01:35:40.941 DEBUG 339 --- [    Test worker] o.s.w.s.v.ContentNegotiatingViewResolver : Selected '*/*' given [*/*]
2022-05-11 01:35:41.058 TRACE 339 --- [    Test worker] s.w.s.m.m.a.RequestMappingHandlerMapping : Mapped to com.example.app.controller.UserController#index(Model)
2022-05-11 01:35:41.059 TRACE 339 --- [    Test worker] o.s.web.method.HandlerMethod             : Arguments: [{}]
2022-05-11 01:35:41.065 TRACE 339 --- [    Test worker] s.w.s.m.m.a.RequestMappingHandlerAdapter : Applying default cacheSeconds=-1
2022-05-11 01:35:41.066 DEBUG 339 --- [    Test worker] o.s.w.s.v.ContentNegotiatingViewResolver : Selected '*/*' given [*/*]
]]></system-out>
  <system-err><![CDATA[]]></system-err>
</testsuite>
