<?xml version="1.0" encoding="UTF-8"?>
<testsuite name="com.example.app.users.UserRepositoryUnitTests" tests="1" skipped="0" failures="0" errors="0" timestamp="2022-05-11T01:35:40" hostname="f8daef63a265" time="0.238">
  <properties/>
  <testcase name="createメソッドでユーザが新しく生成される()" classname="com.example.app.users.UserRepositoryUnitTests" time="0.238"/>
  <system-out><![CDATA[2022-05-11 01:35:40.226  INFO 339 --- [    Test worker] .b.t.c.SpringBootTestContextBootstrapper : Neither @ContextConfiguration nor @ContextHierarchy found for test class [com.example.app.users.UserRepositoryUnitTests], using SpringBootContextLoader
2022-05-11 01:35:40.243  INFO 339 --- [    Test worker] o.s.t.c.support.AbstractContextLoader    : Could not detect default resource locations for test class [com.example.app.users.UserRepositoryUnitTests]: no resource found for suffixes {-context.xml, Context.groovy}.
2022-05-11 01:35:40.244  INFO 339 --- [    Test worker] t.c.s.AnnotationConfigContextLoaderUtils : Could not detect default configuration classes for test class [com.example.app.users.UserRepositoryUnitTests]: UserRepositoryUnitTests does not declare any static, non-private, non-final, nested classes annotated with @Configuration.
2022-05-11 01:35:40.354  INFO 339 --- [    Test worker] .b.t.c.SpringBootTestContextBootstrapper : Found @SpringBootConfiguration com.example.app.AppApplication for test class com.example.app.users.UserRepositoryUnitTests
2022-05-11 01:35:40.376  INFO 339 --- [    Test worker] .b.t.c.SpringBootTestContextBootstrapper : Loaded default TestExecutionListener class names from location [META-INF/spring.factories]: [org.springframework.boot.test.autoconfigure.restdocs.RestDocsTestExecutionListener, org.springframework.boot.test.autoconfigure.web.client.MockRestServiceServerResetTestExecutionListener, org.springframework.boot.test.autoconfigure.web.servlet.MockMvcPrintOnlyOnFailureTestExecutionListener, org.springframework.boot.test.autoconfigure.web.servlet.WebDriverTestExecutionListener, org.springframework.boot.test.autoconfigure.webservices.client.MockWebServiceServerTestExecutionListener, org.springframework.boot.test.mock.mockito.MockitoTestExecutionListener, org.springframework.boot.test.mock.mockito.ResetMocksTestExecutionListener, org.springframework.test.context.web.ServletTestExecutionListener, org.springframework.test.context.support.DirtiesContextBeforeModesTestExecutionListener, org.springframework.test.context.event.ApplicationEventsTestExecutionListener, org.springframework.test.context.support.DependencyInjectionTestExecutionListener, org.springframework.test.context.support.DirtiesContextTestExecutionListener, org.springframework.test.context.transaction.TransactionalTestExecutionListener, org.springframework.test.context.jdbc.SqlScriptsTestExecutionListener, org.springframework.test.context.event.EventPublishingTestExecutionListener]
2022-05-11 01:35:40.377  INFO 339 --- [    Test worker] .b.t.c.SpringBootTestContextBootstrapper : Using TestExecutionListeners: [org.springframework.test.context.web.ServletTestExecutionListener@3a917e07, org.springframework.test.context.support.DirtiesContextBeforeModesTestExecutionListener@63019596, org.springframework.test.context.event.ApplicationEventsTestExecutionListener@6edd80fe, org.springframework.boot.test.mock.mockito.MockitoTestExecutionListener@60eb9c29, org.springframework.boot.test.autoconfigure.SpringBootDependencyInjectionTestExecutionListener@51bba775, org.springframework.test.context.support.DirtiesContextTestExecutionListener@3e7935f1, org.springframework.test.context.transaction.TransactionalTestExecutionListener@3c2188b0, org.springframework.test.context.jdbc.SqlScriptsTestExecutionListener@9751c9, org.springframework.test.context.event.EventPublishingTestExecutionListener@c1bcea1, org.springframework.boot.test.autoconfigure.restdocs.RestDocsTestExecutionListener@7bbab46e, org.springframework.boot.test.autoconfigure.web.client.MockRestServiceServerResetTestExecutionListener@4beec7a1, org.springframework.boot.test.autoconfigure.web.servlet.MockMvcPrintOnlyOnFailureTestExecutionListener@71cdde0c, org.springframework.boot.test.autoconfigure.web.servlet.WebDriverTestExecutionListener@23f16852, org.springframework.boot.test.autoconfigure.webservices.client.MockWebServiceServerTestExecutionListener@dc6a186, org.springframework.boot.test.mock.mockito.ResetMocksTestExecutionListener@30a8ac50]
2022-05-11 01:35:40.402  INFO 339 --- [    Test worker] o.s.t.c.transaction.TransactionContext   : Began transaction (1) for test context [DefaultTestContext@79177bc testClass = UserRepositoryUnitTests, testInstance = com.example.app.users.UserRepositoryUnitTests@3fe33c59, testMethod = createメソッドでユーザが新しく生成される@UserRepositoryUnitTests, testException = [null], mergedContextConfiguration = [WebMergedContextConfiguration@4a5cddd9 testClass = UserRepositoryUnitTests, locations = '{}', classes = '{class com.example.app.AppApplication}', contextInitializerClasses = '[]', activeProfiles = '{}', propertySourceLocations = '{}', propertySourceProperties = '{org.springframework.boot.test.context.SpringBootTestContextBootstrapper=true}', contextCustomizers = set[org.springframework.boot.test.autoconfigure.actuate.metrics.MetricsExportContextCustomizerFactory$DisableMetricExportContextCustomizer@76f4b65, org.springframework.boot.test.autoconfigure.properties.PropertyMappingContextCustomizer@0, org.springframework.boot.test.autoconfigure.web.servlet.WebDriverContextCustomizerFactory$Customizer@64c63c79, [ImportsContextCustomizer@34e700f4 key = [org.springframework.boot.test.context.TestConfiguration]], org.springframework.boot.test.context.filter.ExcludeFilterContextCustomizer@7a1234bf, org.springframework.boot.test.json.DuplicateJsonObjectContextCustomizerFactory$DuplicateJsonObjectContextCustomizer@38aa816f, org.springframework.boot.test.mock.mockito.MockitoContextCustomizer@0, org.springframework.boot.test.web.client.TestRestTemplateContextCustomizer@53941c2f, org.springframework.boot.test.context.SpringBootTestArgs@1, org.springframework.boot.test.context.SpringBootTestWebEnvironment@762ef0ea], resourceBasePath = 'src/main/webapp', contextLoader = 'org.springframework.boot.test.context.SpringBootContextLoader', parent = [null]], attributes = map['org.springframework.test.context.web.ServletTestExecutionListener.activateListener' -> true, 'org.springframework.test.context.web.ServletTestExecutionListener.populatedRequestContextHolder' -> true, 'org.springframework.test.context.web.ServletTestExecutionListener.resetRequestContextHolder' -> true, 'org.springframework.test.context.event.ApplicationEventsTestExecutionListener.recordApplicationEvents' -> false]]; transaction manager [org.springframework.orm.jpa.JpaTransactionManager@235dacd7]; rollback [true]
2022-05-11 01:35:40.635  INFO 339 --- [    Test worker] o.s.t.c.transaction.TransactionContext   : Rolled back transaction for test: [DefaultTestContext@79177bc testClass = UserRepositoryUnitTests, testInstance = com.example.app.users.UserRepositoryUnitTests@3fe33c59, testMethod = createメソッドでユーザが新しく生成される@UserRepositoryUnitTests, testException = [null], mergedContextConfiguration = [WebMergedContextConfiguration@4a5cddd9 testClass = UserRepositoryUnitTests, locations = '{}', classes = '{class com.example.app.AppApplication}', contextInitializerClasses = '[]', activeProfiles = '{}', propertySourceLocations = '{}', propertySourceProperties = '{org.springframework.boot.test.context.SpringBootTestContextBootstrapper=true}', contextCustomizers = set[org.springframework.boot.test.autoconfigure.actuate.metrics.MetricsExportContextCustomizerFactory$DisableMetricExportContextCustomizer@76f4b65, org.springframework.boot.test.autoconfigure.properties.PropertyMappingContextCustomizer@0, org.springframework.boot.test.autoconfigure.web.servlet.WebDriverContextCustomizerFactory$Customizer@64c63c79, [ImportsContextCustomizer@34e700f4 key = [org.springframework.boot.test.context.TestConfiguration]], org.springframework.boot.test.context.filter.ExcludeFilterContextCustomizer@7a1234bf, org.springframework.boot.test.json.DuplicateJsonObjectContextCustomizerFactory$DuplicateJsonObjectContextCustomizer@38aa816f, org.springframework.boot.test.mock.mockito.MockitoContextCustomizer@0, org.springframework.boot.test.web.client.TestRestTemplateContextCustomizer@53941c2f, org.springframework.boot.test.context.SpringBootTestArgs@1, org.springframework.boot.test.context.SpringBootTestWebEnvironment@762ef0ea], resourceBasePath = 'src/main/webapp', contextLoader = 'org.springframework.boot.test.context.SpringBootContextLoader', parent = [null]], attributes = map['org.springframework.test.context.web.ServletTestExecutionListener.activateListener' -> true, 'org.springframework.test.context.web.ServletTestExecutionListener.populatedRequestContextHolder' -> true, 'org.springframework.test.context.web.ServletTestExecutionListener.resetRequestContextHolder' -> true, 'org.springframework.test.context.event.ApplicationEventsTestExecutionListener.recordApplicationEvents' -> false]]
]]></system-out>
  <system-err><![CDATA[]]></system-err>
</testsuite>
