<?xml version="1.0" encoding="UTF-8"?>
<testsuite name="com.example.app.users.UserRepositoryUnitTests" tests="1" skipped="0" failures="0" errors="0" timestamp="2022-05-11T03:42:57" hostname="047c04d49341" time="0.092">
  <properties/>
  <testcase name="createメソッドでユーザが新しく生成される()" classname="com.example.app.users.UserRepositoryUnitTests" time="0.092"/>
  <system-out><![CDATA[2022-05-11 03:42:57.474  INFO 350 --- [    Test worker] .b.t.c.SpringBootTestContextBootstrapper : Neither @ContextConfiguration nor @ContextHierarchy found for test class [com.example.app.users.UserRepositoryUnitTests], using SpringBootContextLoader
2022-05-11 03:42:57.501  INFO 350 --- [    Test worker] o.s.t.c.support.AbstractContextLoader    : Could not detect default resource locations for test class [com.example.app.users.UserRepositoryUnitTests]: no resource found for suffixes {-context.xml, Context.groovy}.
2022-05-11 03:42:57.502  INFO 350 --- [    Test worker] t.c.s.AnnotationConfigContextLoaderUtils : Could not detect default configuration classes for test class [com.example.app.users.UserRepositoryUnitTests]: UserRepositoryUnitTests does not declare any static, non-private, non-final, nested classes annotated with @Configuration.
2022-05-11 03:42:57.511  INFO 350 --- [    Test worker] .b.t.c.SpringBootTestContextBootstrapper : Found @SpringBootConfiguration com.example.app.AppApplication for test class com.example.app.users.UserRepositoryUnitTests
2022-05-11 03:42:57.542  INFO 350 --- [    Test worker] .b.t.c.SpringBootTestContextBootstrapper : Loaded default TestExecutionListener class names from location [META-INF/spring.factories]: [org.springframework.boot.test.autoconfigure.restdocs.RestDocsTestExecutionListener, org.springframework.boot.test.autoconfigure.web.client.MockRestServiceServerResetTestExecutionListener, org.springframework.boot.test.autoconfigure.web.servlet.MockMvcPrintOnlyOnFailureTestExecutionListener, org.springframework.boot.test.autoconfigure.web.servlet.WebDriverTestExecutionListener, org.springframework.boot.test.autoconfigure.webservices.client.MockWebServiceServerTestExecutionListener, org.springframework.boot.test.mock.mockito.MockitoTestExecutionListener, org.springframework.boot.test.mock.mockito.ResetMocksTestExecutionListener, org.springframework.test.context.web.ServletTestExecutionListener, org.springframework.test.context.support.DirtiesContextBeforeModesTestExecutionListener, org.springframework.test.context.event.ApplicationEventsTestExecutionListener, org.springframework.test.context.support.DependencyInjectionTestExecutionListener, org.springframework.test.context.support.DirtiesContextTestExecutionListener, org.springframework.test.context.transaction.TransactionalTestExecutionListener, org.springframework.test.context.jdbc.SqlScriptsTestExecutionListener, org.springframework.test.context.event.EventPublishingTestExecutionListener]
2022-05-11 03:42:57.543  INFO 350 --- [    Test worker] .b.t.c.SpringBootTestContextBootstrapper : Using TestExecutionListeners: [org.springframework.test.context.web.ServletTestExecutionListener@2c5e2a44, org.springframework.test.context.support.DirtiesContextBeforeModesTestExecutionListener@1ef585bb, org.springframework.test.context.event.ApplicationEventsTestExecutionListener@4caca86d, org.springframework.boot.test.mock.mockito.MockitoTestExecutionListener@4bf2c697, org.springframework.boot.test.autoconfigure.SpringBootDependencyInjectionTestExecutionListener@16a3d9a7, org.springframework.test.context.support.DirtiesContextTestExecutionListener@24c94e95, org.springframework.test.context.transaction.TransactionalTestExecutionListener@d8f65a1, org.springframework.test.context.jdbc.SqlScriptsTestExecutionListener@5014ccf9, org.springframework.test.context.event.EventPublishingTestExecutionListener@58f259bd, org.springframework.boot.test.autoconfigure.restdocs.RestDocsTestExecutionListener@362109d0, org.springframework.boot.test.autoconfigure.web.client.MockRestServiceServerResetTestExecutionListener@4075c0d8, org.springframework.boot.test.autoconfigure.web.servlet.MockMvcPrintOnlyOnFailureTestExecutionListener@3670af2b, org.springframework.boot.test.autoconfigure.web.servlet.WebDriverTestExecutionListener@7c8537e9, org.springframework.boot.test.autoconfigure.webservices.client.MockWebServiceServerTestExecutionListener@42d4de20, org.springframework.boot.test.mock.mockito.ResetMocksTestExecutionListener@2cc9a5a2]
2022-05-11 03:42:57.573  INFO 350 --- [    Test worker] o.s.t.c.transaction.TransactionContext   : Began transaction (1) for test context [DefaultTestContext@4a9c188f testClass = UserRepositoryUnitTests, testInstance = com.example.app.users.UserRepositoryUnitTests@2e5dea22, testMethod = createメソッドでユーザが新しく生成される@UserRepositoryUnitTests, testException = [null], mergedContextConfiguration = [WebMergedContextConfiguration@4fd8aefe testClass = UserRepositoryUnitTests, locations = '{}', classes = '{class com.example.app.AppApplication}', contextInitializerClasses = '[]', activeProfiles = '{}', propertySourceLocations = '{}', propertySourceProperties = '{org.springframework.boot.test.context.SpringBootTestContextBootstrapper=true}', contextCustomizers = set[org.springframework.boot.test.autoconfigure.actuate.metrics.MetricsExportContextCustomizerFactory$DisableMetricExportContextCustomizer@7331196b, org.springframework.boot.test.autoconfigure.properties.PropertyMappingContextCustomizer@0, org.springframework.boot.test.autoconfigure.web.servlet.WebDriverContextCustomizerFactory$Customizer@4331d187, [ImportsContextCustomizer@4a59d584 key = [org.springframework.boot.test.context.TestConfiguration]], org.springframework.boot.test.context.filter.ExcludeFilterContextCustomizer@6c0d9d86, org.springframework.boot.test.json.DuplicateJsonObjectContextCustomizerFactory$DuplicateJsonObjectContextCustomizer@1f3f02ee, org.springframework.boot.test.mock.mockito.MockitoContextCustomizer@0, org.springframework.boot.test.web.client.TestRestTemplateContextCustomizer@79179359, org.springframework.boot.test.context.SpringBootTestArgs@1, org.springframework.boot.test.context.SpringBootTestWebEnvironment@343570b7], resourceBasePath = 'src/main/webapp', contextLoader = 'org.springframework.boot.test.context.SpringBootContextLoader', parent = [null]], attributes = map['org.springframework.test.context.web.ServletTestExecutionListener.activateListener' -> true, 'org.springframework.test.context.web.ServletTestExecutionListener.populatedRequestContextHolder' -> true, 'org.springframework.test.context.web.ServletTestExecutionListener.resetRequestContextHolder' -> true, 'org.springframework.test.context.event.ApplicationEventsTestExecutionListener.recordApplicationEvents' -> false]]; transaction manager [org.springframework.orm.jpa.JpaTransactionManager@27de9336]; rollback [true]
2022-05-11 03:42:57.661  INFO 350 --- [    Test worker] o.s.t.c.transaction.TransactionContext   : Rolled back transaction for test: [DefaultTestContext@4a9c188f testClass = UserRepositoryUnitTests, testInstance = com.example.app.users.UserRepositoryUnitTests@2e5dea22, testMethod = createメソッドでユーザが新しく生成される@UserRepositoryUnitTests, testException = [null], mergedContextConfiguration = [WebMergedContextConfiguration@4fd8aefe testClass = UserRepositoryUnitTests, locations = '{}', classes = '{class com.example.app.AppApplication}', contextInitializerClasses = '[]', activeProfiles = '{}', propertySourceLocations = '{}', propertySourceProperties = '{org.springframework.boot.test.context.SpringBootTestContextBootstrapper=true}', contextCustomizers = set[org.springframework.boot.test.autoconfigure.actuate.metrics.MetricsExportContextCustomizerFactory$DisableMetricExportContextCustomizer@7331196b, org.springframework.boot.test.autoconfigure.properties.PropertyMappingContextCustomizer@0, org.springframework.boot.test.autoconfigure.web.servlet.WebDriverContextCustomizerFactory$Customizer@4331d187, [ImportsContextCustomizer@4a59d584 key = [org.springframework.boot.test.context.TestConfiguration]], org.springframework.boot.test.context.filter.ExcludeFilterContextCustomizer@6c0d9d86, org.springframework.boot.test.json.DuplicateJsonObjectContextCustomizerFactory$DuplicateJsonObjectContextCustomizer@1f3f02ee, org.springframework.boot.test.mock.mockito.MockitoContextCustomizer@0, org.springframework.boot.test.web.client.TestRestTemplateContextCustomizer@79179359, org.springframework.boot.test.context.SpringBootTestArgs@1, org.springframework.boot.test.context.SpringBootTestWebEnvironment@343570b7], resourceBasePath = 'src/main/webapp', contextLoader = 'org.springframework.boot.test.context.SpringBootContextLoader', parent = [null]], attributes = map['org.springframework.test.context.web.ServletTestExecutionListener.activateListener' -> true, 'org.springframework.test.context.web.ServletTestExecutionListener.populatedRequestContextHolder' -> true, 'org.springframework.test.context.web.ServletTestExecutionListener.resetRequestContextHolder' -> true, 'org.springframework.test.context.event.ApplicationEventsTestExecutionListener.recordApplicationEvents' -> false]]
]]></system-out>
  <system-err><![CDATA[]]></system-err>
</testsuite>
