<?xml version="1.0" encoding="UTF-8"?>
<testsuite name="com.example.app.users.UserRepositoryUnitTests" tests="1" skipped="0" failures="0" errors="0" timestamp="2022-05-12T08:43:38" hostname="3e531f5d8d7b" time="0.066">
  <properties/>
  <testcase name="createメソッドでユーザが新しく生成される()" classname="com.example.app.users.UserRepositoryUnitTests" time="0.066"/>
  <system-out><![CDATA[2022-05-12 08:43:38.164  INFO 524 --- [    Test worker] .b.t.c.SpringBootTestContextBootstrapper : Neither @ContextConfiguration nor @ContextHierarchy found for test class [com.example.app.users.UserRepositoryUnitTests], using SpringBootContextLoader
2022-05-12 08:43:38.191  INFO 524 --- [    Test worker] o.s.t.c.support.AbstractContextLoader    : Could not detect default resource locations for test class [com.example.app.users.UserRepositoryUnitTests]: no resource found for suffixes {-context.xml, Context.groovy}.
2022-05-12 08:43:38.191  INFO 524 --- [    Test worker] t.c.s.AnnotationConfigContextLoaderUtils : Could not detect default configuration classes for test class [com.example.app.users.UserRepositoryUnitTests]: UserRepositoryUnitTests does not declare any static, non-private, non-final, nested classes annotated with @Configuration.
2022-05-12 08:43:38.199  INFO 524 --- [    Test worker] .b.t.c.SpringBootTestContextBootstrapper : Found @SpringBootConfiguration com.example.app.AppApplication for test class com.example.app.users.UserRepositoryUnitTests
2022-05-12 08:43:38.201  INFO 524 --- [    Test worker] .b.t.c.SpringBootTestContextBootstrapper : Loaded default TestExecutionListener class names from location [META-INF/spring.factories]: [org.springframework.boot.test.autoconfigure.restdocs.RestDocsTestExecutionListener, org.springframework.boot.test.autoconfigure.web.client.MockRestServiceServerResetTestExecutionListener, org.springframework.boot.test.autoconfigure.web.servlet.MockMvcPrintOnlyOnFailureTestExecutionListener, org.springframework.boot.test.autoconfigure.web.servlet.WebDriverTestExecutionListener, org.springframework.boot.test.autoconfigure.webservices.client.MockWebServiceServerTestExecutionListener, org.springframework.boot.test.mock.mockito.MockitoTestExecutionListener, org.springframework.boot.test.mock.mockito.ResetMocksTestExecutionListener, org.springframework.test.context.web.ServletTestExecutionListener, org.springframework.test.context.support.DirtiesContextBeforeModesTestExecutionListener, org.springframework.test.context.event.ApplicationEventsTestExecutionListener, org.springframework.test.context.support.DependencyInjectionTestExecutionListener, org.springframework.test.context.support.DirtiesContextTestExecutionListener, org.springframework.test.context.transaction.TransactionalTestExecutionListener, org.springframework.test.context.jdbc.SqlScriptsTestExecutionListener, org.springframework.test.context.event.EventPublishingTestExecutionListener]
2022-05-12 08:43:38.202  INFO 524 --- [    Test worker] .b.t.c.SpringBootTestContextBootstrapper : Using TestExecutionListeners: [org.springframework.test.context.web.ServletTestExecutionListener@4ce2f4d6, org.springframework.test.context.support.DirtiesContextBeforeModesTestExecutionListener@58070889, org.springframework.test.context.event.ApplicationEventsTestExecutionListener@5c71329f, org.springframework.boot.test.mock.mockito.MockitoTestExecutionListener@225fc6a2, org.springframework.boot.test.autoconfigure.SpringBootDependencyInjectionTestExecutionListener@7940d27b, org.springframework.test.context.support.DirtiesContextTestExecutionListener@19e3ce9a, org.springframework.test.context.transaction.TransactionalTestExecutionListener@4cd3e2f3, org.springframework.test.context.jdbc.SqlScriptsTestExecutionListener@10e5471d, org.springframework.test.context.event.EventPublishingTestExecutionListener@6fc98c70, org.springframework.boot.test.autoconfigure.restdocs.RestDocsTestExecutionListener@6859080d, org.springframework.boot.test.autoconfigure.web.client.MockRestServiceServerResetTestExecutionListener@3bcebb8f, org.springframework.boot.test.autoconfigure.web.servlet.MockMvcPrintOnlyOnFailureTestExecutionListener@1a9ce44, org.springframework.boot.test.autoconfigure.web.servlet.WebDriverTestExecutionListener@2220780d, org.springframework.boot.test.autoconfigure.webservices.client.MockWebServiceServerTestExecutionListener@2991524, org.springframework.boot.test.mock.mockito.ResetMocksTestExecutionListener@4cc5c43b]
2022-05-12 08:43:38.239  INFO 524 --- [    Test worker] o.s.t.c.transaction.TransactionContext   : Began transaction (1) for test context [DefaultTestContext@2290186e testClass = UserRepositoryUnitTests, testInstance = com.example.app.users.UserRepositoryUnitTests@686a192d, testMethod = createメソッドでユーザが新しく生成される@UserRepositoryUnitTests, testException = [null], mergedContextConfiguration = [WebMergedContextConfiguration@aecfc07 testClass = UserRepositoryUnitTests, locations = '{}', classes = '{class com.example.app.AppApplication}', contextInitializerClasses = '[]', activeProfiles = '{}', propertySourceLocations = '{}', propertySourceProperties = '{org.springframework.boot.test.context.SpringBootTestContextBootstrapper=true}', contextCustomizers = set[org.springframework.boot.test.autoconfigure.actuate.metrics.MetricsExportContextCustomizerFactory$DisableMetricExportContextCustomizer@6a55299e, org.springframework.boot.test.autoconfigure.properties.PropertyMappingContextCustomizer@0, org.springframework.boot.test.autoconfigure.web.servlet.WebDriverContextCustomizerFactory$Customizer@6ad3381f, [ImportsContextCustomizer@6f14ce3 key = [org.springframework.boot.test.context.TestConfiguration]], org.springframework.boot.test.context.filter.ExcludeFilterContextCustomizer@34a875b3, org.springframework.boot.test.json.DuplicateJsonObjectContextCustomizerFactory$DuplicateJsonObjectContextCustomizer@6d1ef78d, org.springframework.boot.test.mock.mockito.MockitoContextCustomizer@0, org.springframework.boot.test.web.client.TestRestTemplateContextCustomizer@71529963, org.springframework.boot.test.web.reactive.server.WebTestClientContextCustomizer@70f59913, org.springframework.boot.test.context.SpringBootTestArgs@1, org.springframework.boot.test.context.SpringBootTestWebEnvironment@2525ff7e], resourceBasePath = 'src/main/webapp', contextLoader = 'org.springframework.boot.test.context.SpringBootContextLoader', parent = [null]], attributes = map['org.springframework.test.context.web.ServletTestExecutionListener.activateListener' -> true, 'org.springframework.test.context.web.ServletTestExecutionListener.populatedRequestContextHolder' -> true, 'org.springframework.test.context.web.ServletTestExecutionListener.resetRequestContextHolder' -> true, 'org.springframework.test.context.event.ApplicationEventsTestExecutionListener.recordApplicationEvents' -> false]]; transaction manager [org.springframework.orm.jpa.JpaTransactionManager@3be2ef56]; rollback [true]
2022-05-12 08:43:38.301  INFO 524 --- [    Test worker] o.s.t.c.transaction.TransactionContext   : Rolled back transaction for test: [DefaultTestContext@2290186e testClass = UserRepositoryUnitTests, testInstance = com.example.app.users.UserRepositoryUnitTests@686a192d, testMethod = createメソッドでユーザが新しく生成される@UserRepositoryUnitTests, testException = [null], mergedContextConfiguration = [WebMergedContextConfiguration@aecfc07 testClass = UserRepositoryUnitTests, locations = '{}', classes = '{class com.example.app.AppApplication}', contextInitializerClasses = '[]', activeProfiles = '{}', propertySourceLocations = '{}', propertySourceProperties = '{org.springframework.boot.test.context.SpringBootTestContextBootstrapper=true}', contextCustomizers = set[org.springframework.boot.test.autoconfigure.actuate.metrics.MetricsExportContextCustomizerFactory$DisableMetricExportContextCustomizer@6a55299e, org.springframework.boot.test.autoconfigure.properties.PropertyMappingContextCustomizer@0, org.springframework.boot.test.autoconfigure.web.servlet.WebDriverContextCustomizerFactory$Customizer@6ad3381f, [ImportsContextCustomizer@6f14ce3 key = [org.springframework.boot.test.context.TestConfiguration]], org.springframework.boot.test.context.filter.ExcludeFilterContextCustomizer@34a875b3, org.springframework.boot.test.json.DuplicateJsonObjectContextCustomizerFactory$DuplicateJsonObjectContextCustomizer@6d1ef78d, org.springframework.boot.test.mock.mockito.MockitoContextCustomizer@0, org.springframework.boot.test.web.client.TestRestTemplateContextCustomizer@71529963, org.springframework.boot.test.web.reactive.server.WebTestClientContextCustomizer@70f59913, org.springframework.boot.test.context.SpringBootTestArgs@1, org.springframework.boot.test.context.SpringBootTestWebEnvironment@2525ff7e], resourceBasePath = 'src/main/webapp', contextLoader = 'org.springframework.boot.test.context.SpringBootContextLoader', parent = [null]], attributes = map['org.springframework.test.context.web.ServletTestExecutionListener.activateListener' -> true, 'org.springframework.test.context.web.ServletTestExecutionListener.populatedRequestContextHolder' -> true, 'org.springframework.test.context.web.ServletTestExecutionListener.resetRequestContextHolder' -> true, 'org.springframework.test.context.event.ApplicationEventsTestExecutionListener.recordApplicationEvents' -> false]]
]]></system-out>
  <system-err><![CDATA[]]></system-err>
</testsuite>
