<?xml version="1.0" encoding="UTF-8"?>
<testsuite name="com.example.app.controller.HelloControllerUnitTests" tests="2" skipped="0" failures="0" errors="0" timestamp="2022-05-09T08:16:19" hostname="355e6d316e93" time="3.411">
  <properties/>
  <testcase name="index処理でviewとしてindexが渡される()" classname="com.example.app.controller.HelloControllerUnitTests" time="3.36"/>
  <testcase name="index処理でモデルのメッセージにHelloworldが渡される()" classname="com.example.app.controller.HelloControllerUnitTests" time="0.05"/>
  <system-out><![CDATA[2022-05-09 08:16:08.372  INFO 335 --- [    Test worker] .b.t.c.SpringBootTestContextBootstrapper : Neither @ContextConfiguration nor @ContextHierarchy found for test class [com.example.app.controller.HelloControllerUnitTests], using SpringBootContextLoader
2022-05-09 08:16:08.391  INFO 335 --- [    Test worker] o.s.t.c.support.AbstractContextLoader    : Could not detect default resource locations for test class [com.example.app.controller.HelloControllerUnitTests]: no resource found for suffixes {-context.xml, Context.groovy}.
2022-05-09 08:16:08.392  INFO 335 --- [    Test worker] t.c.s.AnnotationConfigContextLoaderUtils : Could not detect default configuration classes for test class [com.example.app.controller.HelloControllerUnitTests]: HelloControllerUnitTests does not declare any static, non-private, non-final, nested classes annotated with @Configuration.
2022-05-09 08:16:08.547  INFO 335 --- [    Test worker] .b.t.c.SpringBootTestContextBootstrapper : Found @SpringBootConfiguration com.example.app.AppApplication for test class com.example.app.controller.HelloControllerUnitTests
2022-05-09 08:16:08.564  INFO 335 --- [    Test worker] .b.t.c.SpringBootTestContextBootstrapper : Loaded default TestExecutionListener class names from location [META-INF/spring.factories]: [org.springframework.boot.test.autoconfigure.restdocs.RestDocsTestExecutionListener, org.springframework.boot.test.autoconfigure.web.client.MockRestServiceServerResetTestExecutionListener, org.springframework.boot.test.autoconfigure.web.servlet.MockMvcPrintOnlyOnFailureTestExecutionListener, org.springframework.boot.test.autoconfigure.web.servlet.WebDriverTestExecutionListener, org.springframework.boot.test.autoconfigure.webservices.client.MockWebServiceServerTestExecutionListener, org.springframework.boot.test.mock.mockito.MockitoTestExecutionListener, org.springframework.boot.test.mock.mockito.ResetMocksTestExecutionListener, org.springframework.test.context.web.ServletTestExecutionListener, org.springframework.test.context.support.DirtiesContextBeforeModesTestExecutionListener, org.springframework.test.context.event.ApplicationEventsTestExecutionListener, org.springframework.test.context.support.DependencyInjectionTestExecutionListener, org.springframework.test.context.support.DirtiesContextTestExecutionListener, org.springframework.test.context.transaction.TransactionalTestExecutionListener, org.springframework.test.context.jdbc.SqlScriptsTestExecutionListener, org.springframework.test.context.event.EventPublishingTestExecutionListener]
2022-05-09 08:16:08.566  INFO 335 --- [    Test worker] .b.t.c.SpringBootTestContextBootstrapper : Using TestExecutionListeners: [org.springframework.test.context.web.ServletTestExecutionListener@4280b20b, org.springframework.test.context.support.DirtiesContextBeforeModesTestExecutionListener@50e4d8cd, org.springframework.test.context.event.ApplicationEventsTestExecutionListener@4b37d1a4, org.springframework.boot.test.mock.mockito.MockitoTestExecutionListener@34114276, org.springframework.boot.test.autoconfigure.SpringBootDependencyInjectionTestExecutionListener@73c6ae15, org.springframework.test.context.support.DirtiesContextTestExecutionListener@5923210, org.springframework.test.context.transaction.TransactionalTestExecutionListener@70dd79f7, org.springframework.test.context.jdbc.SqlScriptsTestExecutionListener@4ee19768, org.springframework.test.context.event.EventPublishingTestExecutionListener@8113ea7, org.springframework.boot.test.autoconfigure.restdocs.RestDocsTestExecutionListener@1c879f07, org.springframework.boot.test.autoconfigure.web.client.MockRestServiceServerResetTestExecutionListener@78e4fa1, org.springframework.boot.test.autoconfigure.web.servlet.MockMvcPrintOnlyOnFailureTestExecutionListener@4516c2ef, org.springframework.boot.test.autoconfigure.web.servlet.WebDriverTestExecutionListener@44f338ec, org.springframework.boot.test.autoconfigure.webservices.client.MockWebServiceServerTestExecutionListener@64acf8d2, org.springframework.boot.test.mock.mockito.ResetMocksTestExecutionListener@112a50a1]

  .   ____          _            __ _ _
 /\\ / ___'_ __ _ _(_)_ __  __ _ \ \ \ \
( ( )\___ | '_ | '_| | '_ \/ _` | \ \ \ \
 \\/  ___)| |_)| | | | | || (_| |  ) ) ) )
  '  |____| .__|_| |_|_| |_\__, | / / / /
 =========|_|==============|___/=/_/_/_/
 :: Spring Boot ::                (v2.6.7)

2022-05-09 08:16:08.800  INFO 335 --- [    Test worker] c.e.a.c.HelloControllerUnitTests         : Starting HelloControllerUnitTests using Java 15.0.2 on 355e6d316e93 with PID 335 (started by root in /srv)
2022-05-09 08:16:08.801  INFO 335 --- [    Test worker] c.e.a.c.HelloControllerUnitTests         : No active profile set, falling back to 1 default profile: "default"
2022-05-09 08:16:08.836 TRACE 335 --- [    Test worker] o.s.w.c.s.GenericWebApplicationContext   : Refreshing org.springframework.web.context.support.GenericWebApplicationContext@13087c75, started on Mon May 09 08:16:08 UTC 2022
2022-05-09 08:16:11.458  INFO 335 --- [    Test worker] .s.d.r.c.RepositoryConfigurationDelegate : Bootstrapping Spring Data JPA repositories in DEFAULT mode.
2022-05-09 08:16:11.827  INFO 335 --- [    Test worker] .s.d.r.c.RepositoryConfigurationDelegate : Finished Spring Data repository scanning in 367 ms. Found 1 JPA repository interfaces.
2022-05-09 08:16:12.704 TRACE 335 --- [    Test worker] o.s.w.c.s.GenericWebApplicationContext   : No 'messageSource' bean, using [Empty MessageSource]
2022-05-09 08:16:12.705 TRACE 335 --- [    Test worker] o.s.w.c.s.GenericWebApplicationContext   : No 'applicationEventMulticaster' bean, using [SimpleApplicationEventMulticaster]
2022-05-09 08:16:13.014  INFO 335 --- [    Test worker] com.zaxxer.hikari.HikariDataSource       : HikariPool-2 - Starting...
2022-05-09 08:16:13.044  INFO 335 --- [    Test worker] com.zaxxer.hikari.HikariDataSource       : HikariPool-2 - Start completed.
2022-05-09 08:16:13.614  INFO 335 --- [    Test worker] o.hibernate.jpa.internal.util.LogHelper  : HHH000204: Processing PersistenceUnitInfo [name: default]
2022-05-09 08:16:13.805  INFO 335 --- [    Test worker] org.hibernate.dialect.Dialect            : HHH000400: Using dialect: org.hibernate.dialect.MySQL8Dialect
2022-05-09 08:16:14.030  INFO 335 --- [    Test worker] o.h.e.t.j.p.i.JtaPlatformInitiator       : HHH000490: Using JtaPlatform implementation: [org.hibernate.engine.transaction.jta.platform.internal.NoJtaPlatform]
2022-05-09 08:16:14.030  INFO 335 --- [    Test worker] j.LocalContainerEntityManagerFactoryBean : Initialized JPA EntityManagerFactory for persistence unit 'default'
2022-05-09 08:16:15.722  WARN 335 --- [    Test worker] JpaBaseConfiguration$JpaWebConfiguration : spring.jpa.open-in-view is enabled by default. Therefore, database queries may be performed during view rendering. Explicitly configure spring.jpa.open-in-view to disable this warning
2022-05-09 08:16:16.687 DEBUG 335 --- [    Test worker] s.w.s.m.m.a.RequestMappingHandlerAdapter : ControllerAdvice beans: 0 @ModelAttribute, 0 @InitBinder, 1 RequestBodyAdvice, 1 ResponseBodyAdvice
2022-05-09 08:16:16.859 TRACE 335 --- [    Test worker] s.w.s.m.m.a.RequestMappingHandlerMapping : 
	c.e.a.AppApplication:
	{ [/]}: home()
2022-05-09 08:16:16.861 TRACE 335 --- [    Test worker] s.w.s.m.m.a.RequestMappingHandlerMapping : 
	c.e.a.c.HelloController:
	{GET [/]}: index(Model)
2022-05-09 08:16:16.864 TRACE 335 --- [    Test worker] s.w.s.m.m.a.RequestMappingHandlerMapping : 
	c.e.a.c.UserController:
	{GET [/users]}: index(Model)
	{DELETE [/users/{id}]}: destroy(Long)
	{POST [/users]}: create(User)
	{GET [/users/new]}: newUser(Model)
	{GET [/users/{id}]}: show(Long,Model)
	{POST [/users/confirm]}: confirm(String,String,String,Model)
2022-05-09 08:16:16.866 TRACE 335 --- [    Test worker] s.w.s.m.m.a.RequestMappingHandlerMapping : 
	o.s.b.a.w.s.e.BasicErrorController:
	{ [/error]}: error(HttpServletRequest)
	{ [/error], produces [text/html]}: errorHtml(HttpServletRequest,HttpServletResponse)
2022-05-09 08:16:16.868 DEBUG 335 --- [    Test worker] s.w.s.m.m.a.RequestMappingHandlerMapping : 10 mappings in 'requestMappingHandlerMapping'
2022-05-09 08:16:16.939  INFO 335 --- [    Test worker] o.s.b.a.w.s.WelcomePageHandlerMapping    : Adding welcome page template: index
2022-05-09 08:16:17.323 DEBUG 335 --- [    Test worker] o.s.w.s.h.BeanNameUrlHandlerMapping      : Detected 0 mappings in 'beanNameHandlerMapping'
2022-05-09 08:16:17.429 TRACE 335 --- [    Test worker] o.s.w.s.f.support.RouterFunctionMapping  : 0 RouterFunction(s) in 'routerFunctionMapping'
2022-05-09 08:16:17.553 TRACE 335 --- [    Test worker] o.s.w.s.handler.SimpleUrlHandlerMapping  : Mapped [/webjars/**] onto ResourceHttpRequestHandler [classpath [META-INF/resources/webjars/]]
2022-05-09 08:16:17.554 TRACE 335 --- [    Test worker] o.s.w.s.handler.SimpleUrlHandlerMapping  : Mapped [/**] onto ResourceHttpRequestHandler [classpath [META-INF/resources/], classpath [resources/], classpath [static/], classpath [public/], ServletContext [/]]
2022-05-09 08:16:17.556 DEBUG 335 --- [    Test worker] o.s.w.s.handler.SimpleUrlHandlerMapping  : Patterns [/webjars/**, /**] in 'resourceHandlerMapping'
2022-05-09 08:16:17.650 DEBUG 335 --- [    Test worker] .m.m.a.ExceptionHandlerExceptionResolver : ControllerAdvice beans: 0 @ExceptionHandler, 1 ResponseBodyAdvice
2022-05-09 08:16:19.782  INFO 335 --- [    Test worker] o.s.b.t.m.w.SpringBootMockServletContext : Initializing Spring TestDispatcherServlet ''
2022-05-09 08:16:19.783  INFO 335 --- [    Test worker] o.s.t.web.servlet.TestDispatcherServlet  : Initializing Servlet ''
2022-05-09 08:16:19.785  INFO 335 --- [    Test worker] o.s.t.web.servlet.TestDispatcherServlet  : Completed initialization in 1 ms
2022-05-09 08:16:19.816 TRACE 335 --- [    Test worker] o.s.w.c.s.GenericWebApplicationContext   : Using LifecycleProcessor [org.springframework.context.support.DefaultLifecycleProcessor@35217e0]
2022-05-09 08:16:19.821  INFO 335 --- [    Test worker] c.e.a.c.HelloControllerUnitTests         : Started HelloControllerUnitTests in 11.243 seconds (JVM running for 63.383)
2022-05-09 08:16:20.293 TRACE 335 --- [    Test worker] s.w.s.m.m.a.RequestMappingHandlerMapping : 2 matching mappings: [{GET [/]}, { [/]}]
2022-05-09 08:16:20.301 TRACE 335 --- [    Test worker] s.w.s.m.m.a.RequestMappingHandlerMapping : Mapped to com.example.app.controller.HelloController#index(Model)
2022-05-09 08:16:20.502 TRACE 335 --- [    Test worker] o.s.web.method.HandlerMethod             : Arguments: [{}]
2022-05-09 08:16:20.542 TRACE 335 --- [    Test worker] s.w.s.m.m.a.RequestMappingHandlerAdapter : Applying default cacheSeconds=-1
2022-05-09 08:16:20.701 DEBUG 335 --- [    Test worker] o.s.w.s.v.ContentNegotiatingViewResolver : Selected '*/*' given [*/*]
2022-05-09 08:16:23.247 TRACE 335 --- [    Test worker] s.w.s.m.m.a.RequestMappingHandlerMapping : 2 matching mappings: [{GET [/]}, { [/]}]
2022-05-09 08:16:23.248 TRACE 335 --- [    Test worker] s.w.s.m.m.a.RequestMappingHandlerMapping : Mapped to com.example.app.controller.HelloController#index(Model)
2022-05-09 08:16:23.250 TRACE 335 --- [    Test worker] o.s.web.method.HandlerMethod             : Arguments: [{}]
2022-05-09 08:16:23.251 TRACE 335 --- [    Test worker] s.w.s.m.m.a.RequestMappingHandlerAdapter : Applying default cacheSeconds=-1
2022-05-09 08:16:23.252 TRACE 335 --- [    Test worker] o.s.w.s.v.InternalResourceViewResolver   : View with key [index] served from cache
2022-05-09 08:16:23.252 DEBUG 335 --- [    Test worker] o.s.w.s.v.ContentNegotiatingViewResolver : Selected '*/*' given [*/*]
]]></system-out>
  <system-err><![CDATA[]]></system-err>
</testsuite>
