<?xml version="1.0" encoding="UTF-8"?>
<testsuite name="com.example.app.controller.HelloControllerUnitTests" tests="2" skipped="0" failures="0" errors="0" timestamp="2022-05-10T15:48:12" hostname="df4b2e9d3989" time="12.05">
  <properties/>
  <testcase name="index処理でviewとしてindexが渡される()" classname="com.example.app.controller.HelloControllerUnitTests" time="11.868"/>
  <testcase name="index処理でモデルのメッセージにHelloworldが渡される()" classname="com.example.app.controller.HelloControllerUnitTests" time="0.181"/>
  <system-out><![CDATA[2022-05-10 15:47:34.904  INFO 348 --- [    Test worker] .b.t.c.SpringBootTestContextBootstrapper : Neither @ContextConfiguration nor @ContextHierarchy found for test class [com.example.app.controller.HelloControllerUnitTests], using SpringBootContextLoader
2022-05-10 15:47:34.981  INFO 348 --- [    Test worker] o.s.t.c.support.AbstractContextLoader    : Could not detect default resource locations for test class [com.example.app.controller.HelloControllerUnitTests]: no resource found for suffixes {-context.xml, Context.groovy}.
2022-05-10 15:47:34.984  INFO 348 --- [    Test worker] t.c.s.AnnotationConfigContextLoaderUtils : Could not detect default configuration classes for test class [com.example.app.controller.HelloControllerUnitTests]: HelloControllerUnitTests does not declare any static, non-private, non-final, nested classes annotated with @Configuration.
2022-05-10 15:47:35.584  INFO 348 --- [    Test worker] .b.t.c.SpringBootTestContextBootstrapper : Found @SpringBootConfiguration com.example.app.AppApplication for test class com.example.app.controller.HelloControllerUnitTests
2022-05-10 15:47:35.671  INFO 348 --- [    Test worker] .b.t.c.SpringBootTestContextBootstrapper : Loaded default TestExecutionListener class names from location [META-INF/spring.factories]: [org.springframework.boot.test.autoconfigure.restdocs.RestDocsTestExecutionListener, org.springframework.boot.test.autoconfigure.web.client.MockRestServiceServerResetTestExecutionListener, org.springframework.boot.test.autoconfigure.web.servlet.MockMvcPrintOnlyOnFailureTestExecutionListener, org.springframework.boot.test.autoconfigure.web.servlet.WebDriverTestExecutionListener, org.springframework.boot.test.autoconfigure.webservices.client.MockWebServiceServerTestExecutionListener, org.springframework.boot.test.mock.mockito.MockitoTestExecutionListener, org.springframework.boot.test.mock.mockito.ResetMocksTestExecutionListener, org.springframework.test.context.web.ServletTestExecutionListener, org.springframework.test.context.support.DirtiesContextBeforeModesTestExecutionListener, org.springframework.test.context.event.ApplicationEventsTestExecutionListener, org.springframework.test.context.support.DependencyInjectionTestExecutionListener, org.springframework.test.context.support.DirtiesContextTestExecutionListener, org.springframework.test.context.transaction.TransactionalTestExecutionListener, org.springframework.test.context.jdbc.SqlScriptsTestExecutionListener, org.springframework.test.context.event.EventPublishingTestExecutionListener]
2022-05-10 15:47:35.673  INFO 348 --- [    Test worker] .b.t.c.SpringBootTestContextBootstrapper : Using TestExecutionListeners: [org.springframework.test.context.web.ServletTestExecutionListener@1f591b2e, org.springframework.test.context.support.DirtiesContextBeforeModesTestExecutionListener@1e205025, org.springframework.test.context.event.ApplicationEventsTestExecutionListener@c10f7a8, org.springframework.boot.test.mock.mockito.MockitoTestExecutionListener@64096a41, org.springframework.boot.test.autoconfigure.SpringBootDependencyInjectionTestExecutionListener@33de9d85, org.springframework.test.context.support.DirtiesContextTestExecutionListener@2f6352a3, org.springframework.test.context.transaction.TransactionalTestExecutionListener@24455d50, org.springframework.test.context.jdbc.SqlScriptsTestExecutionListener@bb160fb, org.springframework.test.context.event.EventPublishingTestExecutionListener@4cc4f6bd, org.springframework.boot.test.autoconfigure.restdocs.RestDocsTestExecutionListener@798753cc, org.springframework.boot.test.autoconfigure.web.client.MockRestServiceServerResetTestExecutionListener@77262e71, org.springframework.boot.test.autoconfigure.web.servlet.MockMvcPrintOnlyOnFailureTestExecutionListener@77902ed6, org.springframework.boot.test.autoconfigure.web.servlet.WebDriverTestExecutionListener@1c0a4f87, org.springframework.boot.test.autoconfigure.webservices.client.MockWebServiceServerTestExecutionListener@5f5076f9, org.springframework.boot.test.mock.mockito.ResetMocksTestExecutionListener@19439ec4]

  .   ____          _            __ _ _
 /\\ / ___'_ __ _ _(_)_ __  __ _ \ \ \ \
( ( )\___ | '_ | '_| | '_ \/ _` | \ \ \ \
 \\/  ___)| |_)| | | | | || (_| |  ) ) ) )
  '  |____| .__|_| |_|_| |_\__, | / / / /
 =========|_|==============|___/=/_/_/_/
 :: Spring Boot ::                (v2.6.7)

2022-05-10 15:47:36.542  INFO 348 --- [    Test worker] c.e.a.c.HelloControllerUnitTests         : Starting HelloControllerUnitTests using Java 15.0.2 on df4b2e9d3989 with PID 348 (started by root in /srv)
2022-05-10 15:47:36.545  INFO 348 --- [    Test worker] c.e.a.c.HelloControllerUnitTests         : No active profile set, falling back to 1 default profile: "default"
2022-05-10 15:47:36.643 TRACE 348 --- [    Test worker] o.s.w.c.s.GenericWebApplicationContext   : Refreshing org.springframework.web.context.support.GenericWebApplicationContext@3f36c191, started on Tue May 10 15:47:36 UTC 2022
2022-05-10 15:47:44.096  INFO 348 --- [    Test worker] .s.d.r.c.RepositoryConfigurationDelegate : Bootstrapping Spring Data JPA repositories in DEFAULT mode.
2022-05-10 15:47:45.319  INFO 348 --- [    Test worker] .s.d.r.c.RepositoryConfigurationDelegate : Finished Spring Data repository scanning in 1220 ms. Found 1 JPA repository interfaces.
2022-05-10 15:47:47.756 TRACE 348 --- [    Test worker] o.s.w.c.s.GenericWebApplicationContext   : No 'messageSource' bean, using [Empty MessageSource]
2022-05-10 15:47:47.758 TRACE 348 --- [    Test worker] o.s.w.c.s.GenericWebApplicationContext   : No 'applicationEventMulticaster' bean, using [SimpleApplicationEventMulticaster]
2022-05-10 15:47:48.788  INFO 348 --- [    Test worker] com.zaxxer.hikari.HikariDataSource       : HikariPool-3 - Starting...
2022-05-10 15:47:48.811  INFO 348 --- [    Test worker] com.zaxxer.hikari.HikariDataSource       : HikariPool-3 - Start completed.
2022-05-10 15:47:49.577  INFO 348 --- [    Test worker] o.hibernate.jpa.internal.util.LogHelper  : HHH000204: Processing PersistenceUnitInfo [name: default]
2022-05-10 15:47:50.246  INFO 348 --- [    Test worker] org.hibernate.dialect.Dialect            : HHH000400: Using dialect: org.hibernate.dialect.MySQL8Dialect
2022-05-10 15:47:51.138  INFO 348 --- [    Test worker] o.h.e.t.j.p.i.JtaPlatformInitiator       : HHH000490: Using JtaPlatform implementation: [org.hibernate.engine.transaction.jta.platform.internal.NoJtaPlatform]
2022-05-10 15:47:51.140  INFO 348 --- [    Test worker] j.LocalContainerEntityManagerFactoryBean : Initialized JPA EntityManagerFactory for persistence unit 'default'
2022-05-10 15:47:56.449  WARN 348 --- [    Test worker] JpaBaseConfiguration$JpaWebConfiguration : spring.jpa.open-in-view is enabled by default. Therefore, database queries may be performed during view rendering. Explicitly configure spring.jpa.open-in-view to disable this warning
2022-05-10 15:48:00.114 DEBUG 348 --- [    Test worker] s.w.s.m.m.a.RequestMappingHandlerAdapter : ControllerAdvice beans: 0 @ModelAttribute, 0 @InitBinder, 1 RequestBodyAdvice, 1 ResponseBodyAdvice
2022-05-10 15:48:00.999 TRACE 348 --- [    Test worker] s.w.s.m.m.a.RequestMappingHandlerMapping : 
	c.e.a.AppApplication:
	{ [/]}: home()
2022-05-10 15:48:01.001 TRACE 348 --- [    Test worker] s.w.s.m.m.a.RequestMappingHandlerMapping : 
	c.e.a.c.HelloController:
	{GET [/]}: index(Model)
2022-05-10 15:48:01.006 TRACE 348 --- [    Test worker] s.w.s.m.m.a.RequestMappingHandlerMapping : 
	c.e.a.c.UserController:
	{GET [/users]}: index(Model)
	{DELETE [/users/{id}]}: destroy(Long)
	{POST [/users]}: create(User)
	{GET [/users/new]}: newUser(Model)
	{GET [/users/{id}]}: show(Long,Model)
	{POST [/users/confirm]}: confirm(String,String,String,Model)
2022-05-10 15:48:01.011 TRACE 348 --- [    Test worker] s.w.s.m.m.a.RequestMappingHandlerMapping : 
	o.s.b.a.w.s.e.BasicErrorController:
	{ [/error]}: error(HttpServletRequest)
	{ [/error], produces [text/html]}: errorHtml(HttpServletRequest,HttpServletResponse)
2022-05-10 15:48:01.014 DEBUG 348 --- [    Test worker] s.w.s.m.m.a.RequestMappingHandlerMapping : 10 mappings in 'requestMappingHandlerMapping'
2022-05-10 15:48:01.344  INFO 348 --- [    Test worker] o.s.b.a.w.s.WelcomePageHandlerMapping    : Adding welcome page template: index
2022-05-10 15:48:02.977 DEBUG 348 --- [    Test worker] o.s.w.s.h.BeanNameUrlHandlerMapping      : Detected 0 mappings in 'beanNameHandlerMapping'
2022-05-10 15:48:03.456 TRACE 348 --- [    Test worker] o.s.w.s.f.support.RouterFunctionMapping  : 0 RouterFunction(s) in 'routerFunctionMapping'
2022-05-10 15:48:04.041 TRACE 348 --- [    Test worker] o.s.w.s.handler.SimpleUrlHandlerMapping  : Mapped [/webjars/**] onto ResourceHttpRequestHandler [classpath [META-INF/resources/webjars/]]
2022-05-10 15:48:04.043 TRACE 348 --- [    Test worker] o.s.w.s.handler.SimpleUrlHandlerMapping  : Mapped [/**] onto ResourceHttpRequestHandler [classpath [META-INF/resources/], classpath [resources/], classpath [static/], classpath [public/], ServletContext [/]]
2022-05-10 15:48:04.044 DEBUG 348 --- [    Test worker] o.s.w.s.handler.SimpleUrlHandlerMapping  : Patterns [/webjars/**, /**] in 'resourceHandlerMapping'
2022-05-10 15:48:04.455 DEBUG 348 --- [    Test worker] .m.m.a.ExceptionHandlerExceptionResolver : ControllerAdvice beans: 0 @ExceptionHandler, 1 ResponseBodyAdvice
2022-05-10 15:48:12.256  INFO 348 --- [    Test worker] o.s.b.t.m.w.SpringBootMockServletContext : Initializing Spring TestDispatcherServlet ''
2022-05-10 15:48:12.257  INFO 348 --- [    Test worker] o.s.t.web.servlet.TestDispatcherServlet  : Initializing Servlet ''
2022-05-10 15:48:12.260  INFO 348 --- [    Test worker] o.s.t.web.servlet.TestDispatcherServlet  : Completed initialization in 1 ms
2022-05-10 15:48:12.310 TRACE 348 --- [    Test worker] o.s.w.c.s.GenericWebApplicationContext   : Using LifecycleProcessor [org.springframework.context.support.DefaultLifecycleProcessor@5d3f583d]
2022-05-10 15:48:12.315  INFO 348 --- [    Test worker] c.e.a.c.HelloControllerUnitTests         : Started HelloControllerUnitTests in 36.598 seconds (JVM running for 250.564)
2022-05-10 15:48:13.455 TRACE 348 --- [    Test worker] s.w.s.m.m.a.RequestMappingHandlerMapping : 2 matching mappings: [{GET [/]}, { [/]}]
2022-05-10 15:48:13.480 TRACE 348 --- [    Test worker] s.w.s.m.m.a.RequestMappingHandlerMapping : Mapped to com.example.app.controller.HelloController#index(Model)
2022-05-10 15:48:14.017 TRACE 348 --- [    Test worker] o.s.web.method.HandlerMethod             : Arguments: [{}]
2022-05-10 15:48:14.108 TRACE 348 --- [    Test worker] s.w.s.m.m.a.RequestMappingHandlerAdapter : Applying default cacheSeconds=-1
2022-05-10 15:48:14.594 DEBUG 348 --- [    Test worker] o.s.w.s.v.ContentNegotiatingViewResolver : Selected '*/*' given [*/*]
2022-05-10 15:48:24.277 TRACE 348 --- [    Test worker] s.w.s.m.m.a.RequestMappingHandlerMapping : 2 matching mappings: [{GET [/]}, { [/]}]
2022-05-10 15:48:24.280 TRACE 348 --- [    Test worker] s.w.s.m.m.a.RequestMappingHandlerMapping : Mapped to com.example.app.controller.HelloController#index(Model)
2022-05-10 15:48:24.282 TRACE 348 --- [    Test worker] o.s.web.method.HandlerMethod             : Arguments: [{}]
2022-05-10 15:48:24.284 TRACE 348 --- [    Test worker] s.w.s.m.m.a.RequestMappingHandlerAdapter : Applying default cacheSeconds=-1
2022-05-10 15:48:24.285 TRACE 348 --- [    Test worker] o.s.w.s.v.InternalResourceViewResolver   : View with key [index] served from cache
2022-05-10 15:48:24.287 DEBUG 348 --- [    Test worker] o.s.w.s.v.ContentNegotiatingViewResolver : Selected '*/*' given [*/*]
]]></system-out>
  <system-err><![CDATA[]]></system-err>
</testsuite>
