<?xml version="1.0" encoding="UTF-8"?>
<testsuite name="com.example.app.ApplicationTests" tests="1" skipped="0" failures="0" errors="0" timestamp="2022-05-11T03:42:18" hostname="047c04d49341" time="0.148">
  <properties/>
  <testcase name="contextLoads()" classname="com.example.app.ApplicationTests" time="0.148"/>
  <system-out><![CDATA[2022-05-11 03:41:46.242  INFO 350 --- [    Test worker] .b.t.c.SpringBootTestContextBootstrapper : Neither @ContextConfiguration nor @ContextHierarchy found for test class [com.example.app.ApplicationTests], using SpringBootContextLoader
2022-05-11 03:41:46.285  INFO 350 --- [    Test worker] o.s.t.c.support.AbstractContextLoader    : Could not detect default resource locations for test class [com.example.app.ApplicationTests]: no resource found for suffixes {-context.xml, Context.groovy}.
2022-05-11 03:41:46.289  INFO 350 --- [    Test worker] t.c.s.AnnotationConfigContextLoaderUtils : Could not detect default configuration classes for test class [com.example.app.ApplicationTests]: ApplicationTests does not declare any static, non-private, non-final, nested classes annotated with @Configuration.
2022-05-11 03:41:46.536  INFO 350 --- [    Test worker] .b.t.c.SpringBootTestContextBootstrapper : Found @SpringBootConfiguration com.example.app.AppApplication for test class com.example.app.ApplicationTests
2022-05-11 03:41:46.606  INFO 350 --- [    Test worker] .b.t.c.SpringBootTestContextBootstrapper : Loaded default TestExecutionListener class names from location [META-INF/spring.factories]: [org.springframework.boot.test.autoconfigure.restdocs.RestDocsTestExecutionListener, org.springframework.boot.test.autoconfigure.web.client.MockRestServiceServerResetTestExecutionListener, org.springframework.boot.test.autoconfigure.web.servlet.MockMvcPrintOnlyOnFailureTestExecutionListener, org.springframework.boot.test.autoconfigure.web.servlet.WebDriverTestExecutionListener, org.springframework.boot.test.autoconfigure.webservices.client.MockWebServiceServerTestExecutionListener, org.springframework.boot.test.mock.mockito.MockitoTestExecutionListener, org.springframework.boot.test.mock.mockito.ResetMocksTestExecutionListener, org.springframework.test.context.web.ServletTestExecutionListener, org.springframework.test.context.support.DirtiesContextBeforeModesTestExecutionListener, org.springframework.test.context.event.ApplicationEventsTestExecutionListener, org.springframework.test.context.support.DependencyInjectionTestExecutionListener, org.springframework.test.context.support.DirtiesContextTestExecutionListener, org.springframework.test.context.transaction.TransactionalTestExecutionListener, org.springframework.test.context.jdbc.SqlScriptsTestExecutionListener, org.springframework.test.context.event.EventPublishingTestExecutionListener]
2022-05-11 03:41:46.612  INFO 350 --- [    Test worker] .b.t.c.SpringBootTestContextBootstrapper : Using TestExecutionListeners: [org.springframework.test.context.web.ServletTestExecutionListener@2b551e7b, org.springframework.test.context.support.DirtiesContextBeforeModesTestExecutionListener@36e95b7b, org.springframework.test.context.event.ApplicationEventsTestExecutionListener@1e5921ec, org.springframework.boot.test.mock.mockito.MockitoTestExecutionListener@309b6768, org.springframework.boot.test.autoconfigure.SpringBootDependencyInjectionTestExecutionListener@333e01c6, org.springframework.test.context.support.DirtiesContextTestExecutionListener@4f70b659, org.springframework.test.context.transaction.TransactionalTestExecutionListener@18f1a81a, org.springframework.test.context.jdbc.SqlScriptsTestExecutionListener@73ba3c4b, org.springframework.test.context.event.EventPublishingTestExecutionListener@304933cb, org.springframework.boot.test.autoconfigure.restdocs.RestDocsTestExecutionListener@7a4199e5, org.springframework.boot.test.autoconfigure.web.client.MockRestServiceServerResetTestExecutionListener@6fe55fcf, org.springframework.boot.test.autoconfigure.web.servlet.MockMvcPrintOnlyOnFailureTestExecutionListener@4d1f6e1c, org.springframework.boot.test.autoconfigure.web.servlet.WebDriverTestExecutionListener@3431cb1f, org.springframework.boot.test.autoconfigure.webservices.client.MockWebServiceServerTestExecutionListener@42c9f2cd, org.springframework.boot.test.mock.mockito.ResetMocksTestExecutionListener@797c67c]

  .   ____          _            __ _ _
 /\\ / ___'_ __ _ _(_)_ __  __ _ \ \ \ \
( ( )\___ | '_ | '_| | '_ \/ _` | \ \ \ \
 \\/  ___)| |_)| | | | | || (_| |  ) ) ) )
  '  |____| .__|_| |_|_| |_\__, | / / / /
 =========|_|==============|___/=/_/_/_/
 :: Spring Boot ::                (v2.6.7)

2022-05-11 03:41:47.308  INFO 350 --- [    Test worker] com.example.app.ApplicationTests         : Starting ApplicationTests using Java 15.0.2 on 047c04d49341 with PID 350 (started by root in /srv)
2022-05-11 03:41:47.309  INFO 350 --- [    Test worker] com.example.app.ApplicationTests         : No active profile set, falling back to 1 default profile: "default"
2022-05-11 03:41:47.389 TRACE 350 --- [    Test worker] o.s.w.c.s.GenericWebApplicationContext   : Refreshing org.springframework.web.context.support.GenericWebApplicationContext@1043c493, started on Wed May 11 03:41:47 UTC 2022
2022-05-11 03:41:53.871  INFO 350 --- [    Test worker] .s.d.r.c.RepositoryConfigurationDelegate : Bootstrapping Spring Data JPA repositories in DEFAULT mode.
2022-05-11 03:41:54.325  INFO 350 --- [    Test worker] .s.d.r.c.RepositoryConfigurationDelegate : Finished Spring Data repository scanning in 452 ms. Found 1 JPA repository interfaces.
2022-05-11 03:41:55.734 TRACE 350 --- [    Test worker] o.s.w.c.s.GenericWebApplicationContext   : No 'messageSource' bean, using [Empty MessageSource]
2022-05-11 03:41:55.736 TRACE 350 --- [    Test worker] o.s.w.c.s.GenericWebApplicationContext   : No 'applicationEventMulticaster' bean, using [SimpleApplicationEventMulticaster]
2022-05-11 03:41:57.101  INFO 350 --- [    Test worker] com.zaxxer.hikari.HikariDataSource       : HikariPool-2 - Starting...
2022-05-11 03:41:57.164  INFO 350 --- [    Test worker] com.zaxxer.hikari.HikariDataSource       : HikariPool-2 - Start completed.
2022-05-11 03:41:57.785  INFO 350 --- [    Test worker] o.hibernate.jpa.internal.util.LogHelper  : HHH000204: Processing PersistenceUnitInfo [name: default]
2022-05-11 03:41:58.190  INFO 350 --- [    Test worker] org.hibernate.dialect.Dialect            : HHH000400: Using dialect: org.hibernate.dialect.MySQL8Dialect
2022-05-11 03:41:59.028  INFO 350 --- [    Test worker] o.h.e.t.j.p.i.JtaPlatformInitiator       : HHH000490: Using JtaPlatform implementation: [org.hibernate.engine.transaction.jta.platform.internal.NoJtaPlatform]
2022-05-11 03:41:59.031  INFO 350 --- [    Test worker] j.LocalContainerEntityManagerFactoryBean : Initialized JPA EntityManagerFactory for persistence unit 'default'
2022-05-11 03:42:04.211  WARN 350 --- [    Test worker] JpaBaseConfiguration$JpaWebConfiguration : spring.jpa.open-in-view is enabled by default. Therefore, database queries may be performed during view rendering. Explicitly configure spring.jpa.open-in-view to disable this warning
2022-05-11 03:42:06.974 DEBUG 350 --- [    Test worker] s.w.s.m.m.a.RequestMappingHandlerAdapter : ControllerAdvice beans: 0 @ModelAttribute, 0 @InitBinder, 1 RequestBodyAdvice, 1 ResponseBodyAdvice
2022-05-11 03:42:07.496 TRACE 350 --- [    Test worker] s.w.s.m.m.a.RequestMappingHandlerMapping : 
	c.e.a.AppApplication:
	{ [/]}: home()
2022-05-11 03:42:07.502 TRACE 350 --- [    Test worker] s.w.s.m.m.a.RequestMappingHandlerMapping : 
	c.e.a.c.HelloController:
	{GET [/]}: index(Model)
2022-05-11 03:42:07.512 TRACE 350 --- [    Test worker] s.w.s.m.m.a.RequestMappingHandlerMapping : 
	c.e.a.c.UserController:
	{GET [/users]}: index(Model)
	{DELETE [/users/{id}]}: destroy(Long)
	{POST [/users]}: create(User)
	{GET [/users/{id}]}: show(Long,Model)
	{POST [/users/confirm]}: confirm(String,String,String,Model)
	{GET [/users/new]}: newUser(Model)
2022-05-11 03:42:07.517 TRACE 350 --- [    Test worker] s.w.s.m.m.a.RequestMappingHandlerMapping : 
	o.s.b.a.w.s.e.BasicErrorController:
	{ [/error]}: error(HttpServletRequest)
	{ [/error], produces [text/html]}: errorHtml(HttpServletRequest,HttpServletResponse)
2022-05-11 03:42:07.521 DEBUG 350 --- [    Test worker] s.w.s.m.m.a.RequestMappingHandlerMapping : 10 mappings in 'requestMappingHandlerMapping'
2022-05-11 03:42:07.704  INFO 350 --- [    Test worker] o.s.b.a.w.s.WelcomePageHandlerMapping    : Adding welcome page template: index
2022-05-11 03:42:09.080 DEBUG 350 --- [    Test worker] o.s.w.s.h.BeanNameUrlHandlerMapping      : Detected 0 mappings in 'beanNameHandlerMapping'
2022-05-11 03:42:09.590 TRACE 350 --- [    Test worker] o.s.w.s.f.support.RouterFunctionMapping  : 0 RouterFunction(s) in 'routerFunctionMapping'
2022-05-11 03:42:10.092 TRACE 350 --- [    Test worker] o.s.w.s.handler.SimpleUrlHandlerMapping  : Mapped [/webjars/**] onto ResourceHttpRequestHandler [classpath [META-INF/resources/webjars/]]
2022-05-11 03:42:10.094 TRACE 350 --- [    Test worker] o.s.w.s.handler.SimpleUrlHandlerMapping  : Mapped [/**] onto ResourceHttpRequestHandler [classpath [META-INF/resources/], classpath [resources/], classpath [static/], classpath [public/], ServletContext [/]]
2022-05-11 03:42:10.095 DEBUG 350 --- [    Test worker] o.s.w.s.handler.SimpleUrlHandlerMapping  : Patterns [/webjars/**, /**] in 'resourceHandlerMapping'
2022-05-11 03:42:10.463 DEBUG 350 --- [    Test worker] .m.m.a.ExceptionHandlerExceptionResolver : ControllerAdvice beans: 0 @ExceptionHandler, 1 ResponseBodyAdvice
2022-05-11 03:42:18.640 TRACE 350 --- [    Test worker] o.s.w.c.s.GenericWebApplicationContext   : Using LifecycleProcessor [org.springframework.context.support.DefaultLifecycleProcessor@7b6558aa]
2022-05-11 03:42:18.653  INFO 350 --- [    Test worker] com.example.app.ApplicationTests         : Started ApplicationTests in 32.001 seconds (JVM running for 207.137)
]]></system-out>
  <system-err><![CDATA[]]></system-err>
</testsuite>
