<?xml version="1.0" encoding="UTF-8"?>
<testsuite name="com.example.app.controller.HelloControllerUnitTests" tests="2" skipped="0" failures="0" errors="0" timestamp="2022-05-11T03:42:57" hostname="047c04d49341" time="0.183">
  <properties/>
  <testcase name="index処理でviewとしてindexが渡される()" classname="com.example.app.controller.HelloControllerUnitTests" time="0.128"/>
  <testcase name="index処理でモデルのメッセージにHelloworldが渡される()" classname="com.example.app.controller.HelloControllerUnitTests" time="0.054"/>
  <system-out><![CDATA[2022-05-11 03:42:56.532  INFO 350 --- [    Test worker] .b.t.c.SpringBootTestContextBootstrapper : Neither @ContextConfiguration nor @ContextHierarchy found for test class [com.example.app.controller.HelloControllerUnitTests], using SpringBootContextLoader
2022-05-11 03:42:56.602  INFO 350 --- [    Test worker] o.s.t.c.support.AbstractContextLoader    : Could not detect default resource locations for test class [com.example.app.controller.HelloControllerUnitTests]: no resource found for suffixes {-context.xml, Context.groovy}.
2022-05-11 03:42:56.605  INFO 350 --- [    Test worker] t.c.s.AnnotationConfigContextLoaderUtils : Could not detect default configuration classes for test class [com.example.app.controller.HelloControllerUnitTests]: HelloControllerUnitTests does not declare any static, non-private, non-final, nested classes annotated with @Configuration.
2022-05-11 03:42:57.169  INFO 350 --- [    Test worker] .b.t.c.SpringBootTestContextBootstrapper : Found @SpringBootConfiguration com.example.app.AppApplication for test class com.example.app.controller.HelloControllerUnitTests
2022-05-11 03:42:57.232  INFO 350 --- [    Test worker] .b.t.c.SpringBootTestContextBootstrapper : Loaded default TestExecutionListener class names from location [META-INF/spring.factories]: [org.springframework.boot.test.autoconfigure.restdocs.RestDocsTestExecutionListener, org.springframework.boot.test.autoconfigure.web.client.MockRestServiceServerResetTestExecutionListener, org.springframework.boot.test.autoconfigure.web.servlet.MockMvcPrintOnlyOnFailureTestExecutionListener, org.springframework.boot.test.autoconfigure.web.servlet.WebDriverTestExecutionListener, org.springframework.boot.test.autoconfigure.webservices.client.MockWebServiceServerTestExecutionListener, org.springframework.boot.test.mock.mockito.MockitoTestExecutionListener, org.springframework.boot.test.mock.mockito.ResetMocksTestExecutionListener, org.springframework.test.context.web.ServletTestExecutionListener, org.springframework.test.context.support.DirtiesContextBeforeModesTestExecutionListener, org.springframework.test.context.event.ApplicationEventsTestExecutionListener, org.springframework.test.context.support.DependencyInjectionTestExecutionListener, org.springframework.test.context.support.DirtiesContextTestExecutionListener, org.springframework.test.context.transaction.TransactionalTestExecutionListener, org.springframework.test.context.jdbc.SqlScriptsTestExecutionListener, org.springframework.test.context.event.EventPublishingTestExecutionListener]
2022-05-11 03:42:57.235  INFO 350 --- [    Test worker] .b.t.c.SpringBootTestContextBootstrapper : Using TestExecutionListeners: [org.springframework.test.context.web.ServletTestExecutionListener@29a51ff1, org.springframework.test.context.support.DirtiesContextBeforeModesTestExecutionListener@6dacde96, org.springframework.test.context.event.ApplicationEventsTestExecutionListener@6f999cf4, org.springframework.boot.test.mock.mockito.MockitoTestExecutionListener@7892635c, org.springframework.boot.test.autoconfigure.SpringBootDependencyInjectionTestExecutionListener@79c9a128, org.springframework.test.context.support.DirtiesContextTestExecutionListener@729a98e9, org.springframework.test.context.transaction.TransactionalTestExecutionListener@51c7d472, org.springframework.test.context.jdbc.SqlScriptsTestExecutionListener@3aa4d595, org.springframework.test.context.event.EventPublishingTestExecutionListener@e50e308, org.springframework.boot.test.autoconfigure.restdocs.RestDocsTestExecutionListener@28ab7ffb, org.springframework.boot.test.autoconfigure.web.client.MockRestServiceServerResetTestExecutionListener@47a05ad8, org.springframework.boot.test.autoconfigure.web.servlet.MockMvcPrintOnlyOnFailureTestExecutionListener@5b3427c4, org.springframework.boot.test.autoconfigure.web.servlet.WebDriverTestExecutionListener@5275d709, org.springframework.boot.test.autoconfigure.webservices.client.MockWebServiceServerTestExecutionListener@21523e1b, org.springframework.boot.test.mock.mockito.ResetMocksTestExecutionListener@6461c673]
2022-05-11 03:42:57.335 TRACE 350 --- [    Test worker] s.w.s.m.m.a.RequestMappingHandlerMapping : 2 matching mappings: [{GET [/]}, { [/]}]
2022-05-11 03:42:57.336 TRACE 350 --- [    Test worker] s.w.s.m.m.a.RequestMappingHandlerMapping : Mapped to com.example.app.controller.HelloController#index(Model)
2022-05-11 03:42:57.338 TRACE 350 --- [    Test worker] o.s.web.method.HandlerMethod             : Arguments: [{}]
2022-05-11 03:42:57.340 TRACE 350 --- [    Test worker] s.w.s.m.m.a.RequestMappingHandlerAdapter : Applying default cacheSeconds=-1
2022-05-11 03:42:57.343 DEBUG 350 --- [    Test worker] o.s.w.s.v.ContentNegotiatingViewResolver : Selected '*/*' given [*/*]
2022-05-11 03:42:57.431 TRACE 350 --- [    Test worker] s.w.s.m.m.a.RequestMappingHandlerMapping : 2 matching mappings: [{GET [/]}, { [/]}]
2022-05-11 03:42:57.432 TRACE 350 --- [    Test worker] s.w.s.m.m.a.RequestMappingHandlerMapping : Mapped to com.example.app.controller.HelloController#index(Model)
2022-05-11 03:42:57.433 TRACE 350 --- [    Test worker] o.s.web.method.HandlerMethod             : Arguments: [{}]
2022-05-11 03:42:57.434 TRACE 350 --- [    Test worker] s.w.s.m.m.a.RequestMappingHandlerAdapter : Applying default cacheSeconds=-1
2022-05-11 03:42:57.434 TRACE 350 --- [    Test worker] o.s.w.s.v.InternalResourceViewResolver   : View with key [index] served from cache
2022-05-11 03:42:57.435 DEBUG 350 --- [    Test worker] o.s.w.s.v.ContentNegotiatingViewResolver : Selected '*/*' given [*/*]
]]></system-out>
  <system-err><![CDATA[]]></system-err>
</testsuite>
