<?xml version="1.0" encoding="UTF-8"?>
<testsuite name="com.example.app.users.CombineTests" tests="1" skipped="0" failures="0" errors="0" timestamp="2022-05-12T08:43:36" hostname="3e531f5d8d7b" time="1.702">
  <properties/>
  <testcase name="結合テスト()" classname="com.example.app.users.CombineTests" time="1.702"/>
  <system-out><![CDATA[2022-05-12 08:43:17.838  INFO 524 --- [    Test worker] .b.t.c.SpringBootTestContextBootstrapper : Neither @ContextConfiguration nor @ContextHierarchy found for test class [com.example.app.users.CombineTests], using SpringBootContextLoader
2022-05-12 08:43:17.869  INFO 524 --- [    Test worker] o.s.t.c.support.AbstractContextLoader    : Could not detect default resource locations for test class [com.example.app.users.CombineTests]: no resource found for suffixes {-context.xml, Context.groovy}.
2022-05-12 08:43:17.870  INFO 524 --- [    Test worker] t.c.s.AnnotationConfigContextLoaderUtils : Could not detect default configuration classes for test class [com.example.app.users.CombineTests]: CombineTests does not declare any static, non-private, non-final, nested classes annotated with @Configuration.
2022-05-12 08:43:18.084  INFO 524 --- [    Test worker] .b.t.c.SpringBootTestContextBootstrapper : Found @SpringBootConfiguration com.example.app.AppApplication for test class com.example.app.users.CombineTests
2022-05-12 08:43:18.085  INFO 524 --- [    Test worker] .b.t.c.SpringBootTestContextBootstrapper : Using TestExecutionListeners: [org.springframework.test.context.support.DependencyInjectionTestExecutionListener@2542e124, org.springframework.test.context.transaction.TransactionalTestExecutionListener@4664cd32, com.github.springtestdbunit.DbUnitTestExecutionListener@18d6ac02]

  .   ____          _            __ _ _
 /\\ / ___'_ __ _ _(_)_ __  __ _ \ \ \ \
( ( )\___ | '_ | '_| | '_ \/ _` | \ \ \ \
 \\/  ___)| |_)| | | | | || (_| |  ) ) ) )
  '  |____| .__|_| |_|_| |_\__, | / / / /
 =========|_|==============|___/=/_/_/_/
 :: Spring Boot ::                (v2.6.7)

2022-05-12 08:43:18.539  INFO 524 --- [    Test worker] com.example.app.users.CombineTests       : Starting CombineTests using Java 15.0.2 on 3e531f5d8d7b with PID 524 (started by root in /srv)
2022-05-12 08:43:18.540  INFO 524 --- [    Test worker] com.example.app.users.CombineTests       : No active profile set, falling back to 1 default profile: "default"
2022-05-12 08:43:21.270  INFO 524 --- [    Test worker] .s.d.r.c.RepositoryConfigurationDelegate : Bootstrapping Spring Data JPA repositories in DEFAULT mode.
2022-05-12 08:43:21.677  INFO 524 --- [    Test worker] .s.d.r.c.RepositoryConfigurationDelegate : Finished Spring Data repository scanning in 406 ms. Found 1 JPA repository interfaces.
2022-05-12 08:43:24.841  INFO 524 --- [    Test worker] o.s.b.w.embedded.tomcat.TomcatWebServer  : Tomcat initialized with port(s): 0 (http)
2022-05-12 08:43:24.932  INFO 524 --- [    Test worker] o.apache.catalina.core.StandardService   : Starting service [Tomcat]
2022-05-12 08:43:24.933  INFO 524 --- [    Test worker] org.apache.catalina.core.StandardEngine  : Starting Servlet engine: [Apache Tomcat/9.0.62]
2022-05-12 08:43:25.641  INFO 524 --- [    Test worker] o.a.c.c.C.[Tomcat].[localhost].[/]       : Initializing Spring embedded WebApplicationContext
2022-05-12 08:43:25.642  INFO 524 --- [    Test worker] w.s.c.ServletWebServerApplicationContext : Root WebApplicationContext: initialization completed in 7054 ms
2022-05-12 08:43:27.301  INFO 524 --- [    Test worker] com.zaxxer.hikari.HikariDataSource       : HikariPool-4 - Starting...
2022-05-12 08:43:27.318  INFO 524 --- [    Test worker] com.zaxxer.hikari.HikariDataSource       : HikariPool-4 - Start completed.
2022-05-12 08:43:27.787  INFO 524 --- [    Test worker] o.hibernate.jpa.internal.util.LogHelper  : HHH000204: Processing PersistenceUnitInfo [name: default]
2022-05-12 08:43:28.113  INFO 524 --- [    Test worker] org.hibernate.dialect.Dialect            : HHH000400: Using dialect: org.hibernate.dialect.MySQL8Dialect
2022-05-12 08:43:28.506  INFO 524 --- [    Test worker] o.h.e.t.j.p.i.JtaPlatformInitiator       : HHH000490: Using JtaPlatform implementation: [org.hibernate.engine.transaction.jta.platform.internal.NoJtaPlatform]
2022-05-12 08:43:28.507  INFO 524 --- [    Test worker] j.LocalContainerEntityManagerFactoryBean : Initialized JPA EntityManagerFactory for persistence unit 'default'
2022-05-12 08:43:30.216  WARN 524 --- [    Test worker] JpaBaseConfiguration$JpaWebConfiguration : spring.jpa.open-in-view is enabled by default. Therefore, database queries may be performed during view rendering. Explicitly configure spring.jpa.open-in-view to disable this warning
2022-05-12 08:43:31.419 DEBUG 524 --- [    Test worker] s.w.s.m.m.a.RequestMappingHandlerAdapter : ControllerAdvice beans: 0 @ModelAttribute, 0 @InitBinder, 1 RequestBodyAdvice, 1 ResponseBodyAdvice
2022-05-12 08:43:31.794 TRACE 524 --- [    Test worker] s.w.s.m.m.a.RequestMappingHandlerMapping : 
	c.e.a.AppApplication:
	{ [/]}: home()
2022-05-12 08:43:31.795 TRACE 524 --- [    Test worker] s.w.s.m.m.a.RequestMappingHandlerMapping : 
	c.e.a.c.HelloController:
	{GET [/]}: index(Model)
2022-05-12 08:43:31.798 TRACE 524 --- [    Test worker] s.w.s.m.m.a.RequestMappingHandlerMapping : 
	c.e.a.c.UserController:
	{GET [/users]}: index(Model)
	{POST [/users]}: create(User)
	{GET [/users/new]}: newUser(Model)
	{GET [/users/{id}]}: show(Long,Model)
	{POST [/users/confirm]}: confirm(String,String,String,Model)
2022-05-12 08:43:31.800 TRACE 524 --- [    Test worker] s.w.s.m.m.a.RequestMappingHandlerMapping : 
	o.s.b.a.w.s.e.BasicErrorController:
	{ [/error]}: error(HttpServletRequest)
	{ [/error], produces [text/html]}: errorHtml(HttpServletRequest,HttpServletResponse)
2022-05-12 08:43:31.802 DEBUG 524 --- [    Test worker] s.w.s.m.m.a.RequestMappingHandlerMapping : 9 mappings in 'requestMappingHandlerMapping'
2022-05-12 08:43:31.890  INFO 524 --- [    Test worker] o.s.b.a.w.s.WelcomePageHandlerMapping    : Adding welcome page template: index
2022-05-12 08:43:32.507 DEBUG 524 --- [    Test worker] o.s.w.s.h.BeanNameUrlHandlerMapping      : Detected 0 mappings in 'beanNameHandlerMapping'
2022-05-12 08:43:32.726 TRACE 524 --- [    Test worker] o.s.w.s.f.support.RouterFunctionMapping  : 0 RouterFunction(s) in 'routerFunctionMapping'
2022-05-12 08:43:32.995 TRACE 524 --- [    Test worker] o.s.w.s.handler.SimpleUrlHandlerMapping  : Mapped [/webjars/**] onto ResourceHttpRequestHandler [classpath [META-INF/resources/webjars/]]
2022-05-12 08:43:32.997 TRACE 524 --- [    Test worker] o.s.w.s.handler.SimpleUrlHandlerMapping  : Mapped [/**] onto ResourceHttpRequestHandler [classpath [META-INF/resources/], classpath [resources/], classpath [static/], classpath [public/], ServletContext [/]]
2022-05-12 08:43:32.997 DEBUG 524 --- [    Test worker] o.s.w.s.handler.SimpleUrlHandlerMapping  : Patterns [/webjars/**, /**] in 'resourceHandlerMapping'
2022-05-12 08:43:33.189 DEBUG 524 --- [    Test worker] .m.m.a.ExceptionHandlerExceptionResolver : ControllerAdvice beans: 0 @ExceptionHandler, 1 ResponseBodyAdvice
2022-05-12 08:43:35.728  INFO 524 --- [    Test worker] o.a.c.c.C.[Tomcat].[localhost].[/]       : Initializing Spring TestDispatcherServlet ''
2022-05-12 08:43:35.729  INFO 524 --- [    Test worker] o.s.t.web.servlet.TestDispatcherServlet  : Initializing Servlet ''
2022-05-12 08:43:35.731  INFO 524 --- [    Test worker] o.s.t.web.servlet.TestDispatcherServlet  : Completed initialization in 1 ms
2022-05-12 08:43:36.407  INFO 524 --- [    Test worker] o.s.b.w.embedded.tomcat.TomcatWebServer  : Tomcat started on port(s): 35935 (http) with context path ''
2022-05-12 08:43:36.416  INFO 524 --- [    Test worker] com.example.app.users.CombineTests       : Started CombineTests in 18.328 seconds (JVM running for 140.136)
2022-05-12 08:43:36.464  INFO 524 --- [    Test worker] o.s.t.c.transaction.TransactionContext   : Began transaction (1) for test context [DefaultTestContext@c5dc3db testClass = CombineTests, testInstance = com.example.app.users.CombineTests@2910c3ae, testMethod = 結合テスト@CombineTests, testException = [null], mergedContextConfiguration = [WebMergedContextConfiguration@2182ebc7 testClass = CombineTests, locations = '{}', classes = '{class com.example.app.AppApplication}', contextInitializerClasses = '[]', activeProfiles = '{}', propertySourceLocations = '{}', propertySourceProperties = '{org.springframework.boot.test.context.SpringBootTestContextBootstrapper=true, server.port=0}', contextCustomizers = set[org.springframework.boot.test.autoconfigure.actuate.metrics.MetricsExportContextCustomizerFactory$DisableMetricExportContextCustomizer@6a55299e, org.springframework.boot.test.autoconfigure.properties.PropertyMappingContextCustomizer@3a956d2f, org.springframework.boot.test.autoconfigure.web.servlet.WebDriverContextCustomizerFactory$Customizer@6ad3381f, [ImportsContextCustomizer@543895d2 key = [org.springframework.boot.test.context.TestConfiguration, org.springframework.boot.autoconfigure.security.oauth2.client.reactive.ReactiveOAuth2ClientAutoConfiguration, org.springframework.boot.autoconfigure.security.oauth2.resource.reactive.ReactiveOAuth2ResourceServerAutoConfiguration, org.springframework.boot.autoconfigure.security.reactive.ReactiveSecurityAutoConfiguration, org.springframework.boot.autoconfigure.security.reactive.ReactiveUserDetailsServiceAutoConfiguration, org.springframework.boot.test.autoconfigure.web.reactive.WebTestClientAutoConfiguration, org.springframework.boot.test.autoconfigure.web.servlet.MockMvcAutoConfiguration, org.springframework.boot.test.autoconfigure.web.servlet.MockMvcWebClientAutoConfiguration, org.springframework.boot.test.autoconfigure.web.servlet.MockMvcWebDriverAutoConfiguration, org.springframework.boot.autoconfigure.security.oauth2.client.servlet.OAuth2ClientAutoConfiguration, org.springframework.boot.autoconfigure.security.oauth2.resource.servlet.OAuth2ResourceServerAutoConfiguration, org.springframework.boot.autoconfigure.security.servlet.SecurityAutoConfiguration, org.springframework.boot.autoconfigure.security.servlet.SecurityFilterAutoConfiguration, org.springframework.boot.autoconfigure.security.servlet.UserDetailsServiceAutoConfiguration, org.springframework.boot.test.autoconfigure.web.servlet.MockMvcSecurityConfiguration]], org.springframework.boot.test.context.filter.ExcludeFilterContextCustomizer@34a875b3, org.springframework.boot.test.json.DuplicateJsonObjectContextCustomizerFactory$DuplicateJsonObjectContextCustomizer@6d1ef78d, org.springframework.boot.test.mock.mockito.MockitoContextCustomizer@0, org.springframework.boot.test.web.client.TestRestTemplateContextCustomizer@71529963, org.springframework.boot.test.web.reactive.server.WebTestClientContextCustomizer@70f59913, org.springframework.boot.test.context.SpringBootTestArgs@1, org.springframework.boot.test.context.SpringBootTestWebEnvironment@290222c1], resourceBasePath = 'src/main/webapp', contextLoader = 'org.springframework.boot.test.context.SpringBootContextLoader', parent = [null]], attributes = map['org.springframework.test.context.web.ServletTestExecutionListener.activateListener' -> false, 'com.github.springtestdbunit.DbUnitTestExecutionListener.connection' -> com.github.springtestdbunit.DatabaseConnections@3699c795, 'com.github.springtestdbunit.DbUnitTestExecutionListener.databseOperationLookup' -> com.github.springtestdbunit.operation.DefaultDatabaseOperationLookup@193b6f5b, 'com.github.springtestdbunit.DbUnitTestExecutionListener.dataSetLoader' -> com.example.app.CsvDataSetLoader@2fd16368]]; transaction manager [org.springframework.orm.jpa.JpaTransactionManager@7f15639c]; rollback [true]
2022-05-12 08:43:36.505  WARN 524 --- [    Test worker] o.dbunit.dataset.AbstractTableMetaData   : Potential problem found: The configured data type factory 'class org.dbunit.dataset.datatype.DefaultDataTypeFactory' might cause problems with the current database 'MySQL' (e.g. some datatypes may not be supported properly). In rare cases you might see this message because the list of supported database products is incomplete (list=[derby]). If so please request a java-class update via the forums.If you are using your own IDataTypeFactory extending DefaultDataTypeFactory, ensure that you override getValidDbProducts() to specify the supported database products.
2022-05-12 08:43:36.973 TRACE 524 --- [    Test worker] s.w.s.m.m.a.RequestMappingHandlerMapping : Mapped to com.example.app.controller.UserController#newUser(Model)
2022-05-12 08:43:36.975 TRACE 524 --- [    Test worker] o.s.web.method.HandlerMethod             : Arguments: [{}]
2022-05-12 08:43:36.976 TRACE 524 --- [    Test worker] s.w.s.m.m.a.RequestMappingHandlerAdapter : Applying default cacheSeconds=-1
2022-05-12 08:43:37.120 DEBUG 524 --- [    Test worker] o.s.w.s.v.ContentNegotiatingViewResolver : Selected '*/*' given [*/*]
2022-05-12 08:43:37.304 TRACE 524 --- [    Test worker] o.s.w.r.f.client.ExchangeFunctions       : [75abbb61] HTTP GET /users/new, headers={masked}
2022-05-12 08:43:37.332 TRACE 524 --- [    Test worker] o.s.w.r.f.client.ExchangeFunctions       : [75abbb61] [181cafd] Response 200 OK, headers={masked}
2022-05-12 08:43:37.439 TRACE 524 --- [    Test worker] org.springframework.web.HttpLogging      : [1c94d976] Writing form fields [name, email, inquiry] (content masked)
2022-05-12 08:43:37.466 TRACE 524 --- [    Test worker] s.w.s.m.m.a.RequestMappingHandlerMapping : Mapped to com.example.app.controller.UserController#confirm(String, String, String, Model)
2022-05-12 08:43:37.603 TRACE 524 --- [    Test worker] o.s.web.method.HandlerMethod             : Arguments: [apple, apple@email.com, appleです。, {}]
2022-05-12 08:43:37.604 TRACE 524 --- [    Test worker] s.w.s.m.m.a.RequestMappingHandlerAdapter : Applying default cacheSeconds=-1
2022-05-12 08:43:37.605 DEBUG 524 --- [    Test worker] o.s.w.s.v.ContentNegotiatingViewResolver : Selected '*/*' given [*/*]
2022-05-12 08:43:37.644 TRACE 524 --- [    Test worker] o.s.w.r.f.client.ExchangeFunctions       : [1c94d976] HTTP POST /users/confirm, headers={masked}
2022-05-12 08:43:37.645 TRACE 524 --- [    Test worker] o.s.w.r.f.client.ExchangeFunctions       : [1c94d976] [36af93ca] Response 200 OK, headers={masked}
2022-05-12 08:43:37.646 TRACE 524 --- [    Test worker] org.springframework.web.HttpLogging      : [5d7807b0] Writing form fields [name, email, inquiry] (content masked)
2022-05-12 08:43:37.648 TRACE 524 --- [    Test worker] s.w.s.m.m.a.RequestMappingHandlerMapping : Mapped to com.example.app.controller.UserController#create(User)
2022-05-12 08:43:37.714 TRACE 524 --- [    Test worker] o.s.web.method.HandlerMethod             : Arguments: [{id:null,name:apple,email:apple@email.com,inquiry:appleです。}]
2022-05-12 08:43:38.067 TRACE 524 --- [    Test worker] s.w.s.m.m.a.RequestMappingHandlerAdapter : Applying default cacheSeconds=-1
2022-05-12 08:43:38.068 DEBUG 524 --- [    Test worker] o.s.w.s.v.ContentNegotiatingViewResolver : Selected '*/*' given [*/*]
2022-05-12 08:43:38.107 TRACE 524 --- [    Test worker] o.s.w.r.f.client.ExchangeFunctions       : [5d7807b0] HTTP POST /users, headers={masked}
2022-05-12 08:43:38.108 TRACE 524 --- [    Test worker] o.s.w.r.f.client.ExchangeFunctions       : [5d7807b0] [776eedad] Response 200 OK, headers={masked}
2022-05-12 08:43:38.161  INFO 524 --- [    Test worker] o.s.t.c.transaction.TransactionContext   : Rolled back transaction for test: [DefaultTestContext@c5dc3db testClass = CombineTests, testInstance = com.example.app.users.CombineTests@2910c3ae, testMethod = 結合テスト@CombineTests, testException = [null], mergedContextConfiguration = [WebMergedContextConfiguration@2182ebc7 testClass = CombineTests, locations = '{}', classes = '{class com.example.app.AppApplication}', contextInitializerClasses = '[]', activeProfiles = '{}', propertySourceLocations = '{}', propertySourceProperties = '{org.springframework.boot.test.context.SpringBootTestContextBootstrapper=true, server.port=0}', contextCustomizers = set[org.springframework.boot.test.autoconfigure.actuate.metrics.MetricsExportContextCustomizerFactory$DisableMetricExportContextCustomizer@6a55299e, org.springframework.boot.test.autoconfigure.properties.PropertyMappingContextCustomizer@3a956d2f, org.springframework.boot.test.autoconfigure.web.servlet.WebDriverContextCustomizerFactory$Customizer@6ad3381f, [ImportsContextCustomizer@543895d2 key = [org.springframework.boot.test.context.TestConfiguration, org.springframework.boot.autoconfigure.security.oauth2.client.reactive.ReactiveOAuth2ClientAutoConfiguration, org.springframework.boot.autoconfigure.security.oauth2.resource.reactive.ReactiveOAuth2ResourceServerAutoConfiguration, org.springframework.boot.autoconfigure.security.reactive.ReactiveSecurityAutoConfiguration, org.springframework.boot.autoconfigure.security.reactive.ReactiveUserDetailsServiceAutoConfiguration, org.springframework.boot.test.autoconfigure.web.reactive.WebTestClientAutoConfiguration, org.springframework.boot.test.autoconfigure.web.servlet.MockMvcAutoConfiguration, org.springframework.boot.test.autoconfigure.web.servlet.MockMvcWebClientAutoConfiguration, org.springframework.boot.test.autoconfigure.web.servlet.MockMvcWebDriverAutoConfiguration, org.springframework.boot.autoconfigure.security.oauth2.client.servlet.OAuth2ClientAutoConfiguration, org.springframework.boot.autoconfigure.security.oauth2.resource.servlet.OAuth2ResourceServerAutoConfiguration, org.springframework.boot.autoconfigure.security.servlet.SecurityAutoConfiguration, org.springframework.boot.autoconfigure.security.servlet.SecurityFilterAutoConfiguration, org.springframework.boot.autoconfigure.security.servlet.UserDetailsServiceAutoConfiguration, org.springframework.boot.test.autoconfigure.web.servlet.MockMvcSecurityConfiguration]], org.springframework.boot.test.context.filter.ExcludeFilterContextCustomizer@34a875b3, org.springframework.boot.test.json.DuplicateJsonObjectContextCustomizerFactory$DuplicateJsonObjectContextCustomizer@6d1ef78d, org.springframework.boot.test.mock.mockito.MockitoContextCustomizer@0, org.springframework.boot.test.web.client.TestRestTemplateContextCustomizer@71529963, org.springframework.boot.test.web.reactive.server.WebTestClientContextCustomizer@70f59913, org.springframework.boot.test.context.SpringBootTestArgs@1, org.springframework.boot.test.context.SpringBootTestWebEnvironment@290222c1], resourceBasePath = 'src/main/webapp', contextLoader = 'org.springframework.boot.test.context.SpringBootContextLoader', parent = [null]], attributes = map['org.springframework.test.context.web.ServletTestExecutionListener.activateListener' -> false, 'com.github.springtestdbunit.DbUnitTestExecutionListener.connection' -> com.github.springtestdbunit.DatabaseConnections@3699c795, 'com.github.springtestdbunit.DbUnitTestExecutionListener.databseOperationLookup' -> com.github.springtestdbunit.operation.DefaultDatabaseOperationLookup@193b6f5b, 'com.github.springtestdbunit.DbUnitTestExecutionListener.dataSetLoader' -> com.example.app.CsvDataSetLoader@2fd16368]]
]]></system-out>
  <system-err><![CDATA[]]></system-err>
</testsuite>
