<?xml version="1.0" encoding="UTF-8"?>
<testsuite name="com.example.app.ApplicationTests" tests="1" skipped="0" failures="0" errors="0" timestamp="2022-05-11T06:25:44" hostname="4b0afe195df8" time="6.347">
  <properties/>
  <testcase name="contextLoads()" classname="com.example.app.ApplicationTests" time="6.347"/>
  <system-out><![CDATA[06:22:52.026 [Test worker] DEBUG org.springframework.test.context.BootstrapUtils - Instantiating CacheAwareContextLoaderDelegate from class [org.springframework.test.context.cache.DefaultCacheAwareContextLoaderDelegate]
06:22:52.591 [Test worker] DEBUG org.springframework.test.context.BootstrapUtils - Instantiating BootstrapContext using constructor [public org.springframework.test.context.support.DefaultBootstrapContext(java.lang.Class,org.springframework.test.context.CacheAwareContextLoaderDelegate)]
06:22:53.669 [Test worker] DEBUG org.springframework.test.context.BootstrapUtils - Instantiating TestContextBootstrapper for test class [com.example.app.ApplicationTests] from class [org.springframework.boot.test.context.SpringBootTestContextBootstrapper]
06:22:54.051 [Test worker] INFO org.springframework.boot.test.context.SpringBootTestContextBootstrapper - Neither @ContextConfiguration nor @ContextHierarchy found for test class [com.example.app.ApplicationTests], using SpringBootContextLoader
06:22:54.191 [Test worker] DEBUG org.springframework.test.context.support.AbstractContextLoader - Did not detect default resource location for test class [com.example.app.ApplicationTests]: class path resource [com/example/app/ApplicationTests-context.xml] does not exist
06:22:54.217 [Test worker] DEBUG org.springframework.test.context.support.AbstractContextLoader - Did not detect default resource location for test class [com.example.app.ApplicationTests]: class path resource [com/example/app/ApplicationTestsContext.groovy] does not exist
06:22:54.218 [Test worker] INFO org.springframework.test.context.support.AbstractContextLoader - Could not detect default resource locations for test class [com.example.app.ApplicationTests]: no resource found for suffixes {-context.xml, Context.groovy}.
06:22:54.237 [Test worker] INFO org.springframework.test.context.support.AnnotationConfigContextLoaderUtils - Could not detect default configuration classes for test class [com.example.app.ApplicationTests]: ApplicationTests does not declare any static, non-private, non-final, nested classes annotated with @Configuration.
06:22:55.795 [Test worker] DEBUG org.springframework.test.context.support.ActiveProfilesUtils - Could not find an 'annotation declaring class' for annotation type [org.springframework.test.context.ActiveProfiles] and class [com.example.app.ApplicationTests]
06:22:58.201 [Test worker] DEBUG org.springframework.context.annotation.ClassPathScanningCandidateComponentProvider - Identified candidate component class: file [/srv/build/classes/java/main/com/example/app/AppApplication.class]
06:22:58.250 [Test worker] INFO org.springframework.boot.test.context.SpringBootTestContextBootstrapper - Found @SpringBootConfiguration com.example.app.AppApplication for test class com.example.app.ApplicationTests
06:23:02.760 [Test worker] DEBUG org.springframework.boot.test.context.SpringBootTestContextBootstrapper - @TestExecutionListeners is not present for class [com.example.app.ApplicationTests]: using defaults.
06:23:02.761 [Test worker] INFO org.springframework.boot.test.context.SpringBootTestContextBootstrapper - Loaded default TestExecutionListener class names from location [META-INF/spring.factories]: [org.springframework.boot.test.autoconfigure.restdocs.RestDocsTestExecutionListener, org.springframework.boot.test.autoconfigure.web.client.MockRestServiceServerResetTestExecutionListener, org.springframework.boot.test.autoconfigure.web.servlet.MockMvcPrintOnlyOnFailureTestExecutionListener, org.springframework.boot.test.autoconfigure.web.servlet.WebDriverTestExecutionListener, org.springframework.boot.test.autoconfigure.webservices.client.MockWebServiceServerTestExecutionListener, org.springframework.boot.test.mock.mockito.MockitoTestExecutionListener, org.springframework.boot.test.mock.mockito.ResetMocksTestExecutionListener, org.springframework.test.context.web.ServletTestExecutionListener, org.springframework.test.context.support.DirtiesContextBeforeModesTestExecutionListener, org.springframework.test.context.event.ApplicationEventsTestExecutionListener, org.springframework.test.context.support.DependencyInjectionTestExecutionListener, org.springframework.test.context.support.DirtiesContextTestExecutionListener, org.springframework.test.context.transaction.TransactionalTestExecutionListener, org.springframework.test.context.jdbc.SqlScriptsTestExecutionListener, org.springframework.test.context.event.EventPublishingTestExecutionListener]
06:23:03.555 [Test worker] INFO org.springframework.boot.test.context.SpringBootTestContextBootstrapper - Using TestExecutionListeners: [org.springframework.test.context.web.ServletTestExecutionListener@293d0107, org.springframework.test.context.support.DirtiesContextBeforeModesTestExecutionListener@2692b61e, org.springframework.test.context.event.ApplicationEventsTestExecutionListener@7b64240d, org.springframework.boot.test.mock.mockito.MockitoTestExecutionListener@62fad19, org.springframework.boot.test.autoconfigure.SpringBootDependencyInjectionTestExecutionListener@47dbb1e2, org.springframework.test.context.support.DirtiesContextTestExecutionListener@74cadd41, org.springframework.test.context.transaction.TransactionalTestExecutionListener@2e54db99, org.springframework.test.context.jdbc.SqlScriptsTestExecutionListener@55e8ec2f, org.springframework.test.context.event.EventPublishingTestExecutionListener@4f2613d1, org.springframework.boot.test.autoconfigure.restdocs.RestDocsTestExecutionListener@6d24ffa1, org.springframework.boot.test.autoconfigure.web.client.MockRestServiceServerResetTestExecutionListener@65a4798f, org.springframework.boot.test.autoconfigure.web.servlet.MockMvcPrintOnlyOnFailureTestExecutionListener@773f7880, org.springframework.boot.test.autoconfigure.web.servlet.WebDriverTestExecutionListener@878452d, org.springframework.boot.test.autoconfigure.webservices.client.MockWebServiceServerTestExecutionListener@426b6a74, org.springframework.boot.test.mock.mockito.ResetMocksTestExecutionListener@4c51bb7]
06:23:03.764 [Test worker] DEBUG org.springframework.test.context.support.AbstractDirtiesContextTestExecutionListener - Before test class: context [DefaultTestContext@63192798 testClass = ApplicationTests, testInstance = [null], testMethod = [null], testException = [null], mergedContextConfiguration = [WebMergedContextConfiguration@50eca7c6 testClass = ApplicationTests, locations = '{}', classes = '{class com.example.app.AppApplication}', contextInitializerClasses = '[]', activeProfiles = '{}', propertySourceLocations = '{}', propertySourceProperties = '{org.springframework.boot.test.context.SpringBootTestContextBootstrapper=true}', contextCustomizers = set[org.springframework.boot.test.autoconfigure.actuate.metrics.MetricsExportContextCustomizerFactory$DisableMetricExportContextCustomizer@c94fd30, org.springframework.boot.test.autoconfigure.properties.PropertyMappingContextCustomizer@0, org.springframework.boot.test.autoconfigure.web.servlet.WebDriverContextCustomizerFactory$Customizer@31c7528f, org.springframework.boot.test.context.filter.ExcludeFilterContextCustomizer@2f62ea70, org.springframework.boot.test.json.DuplicateJsonObjectContextCustomizerFactory$DuplicateJsonObjectContextCustomizer@53f6fd09, org.springframework.boot.test.mock.mockito.MockitoContextCustomizer@0, org.springframework.boot.test.web.client.TestRestTemplateContextCustomizer@6dab9b6d, org.springframework.boot.test.context.SpringBootTestArgs@1, org.springframework.boot.test.context.SpringBootTestWebEnvironment@762ef0ea], resourceBasePath = 'src/main/webapp', contextLoader = 'org.springframework.boot.test.context.SpringBootContextLoader', parent = [null]], attributes = map['org.springframework.test.context.web.ServletTestExecutionListener.activateListener' -> true]], class annotated with @DirtiesContext [false] with mode [null].

  .   ____          _            __ _ _
 /\\ / ___'_ __ _ _(_)_ __  __ _ \ \ \ \
( ( )\___ | '_ | '_| | '_ \/ _` | \ \ \ \
 \\/  ___)| |_)| | | | | || (_| |  ) ) ) )
  '  |____| .__|_| |_|_| |_\__, | / / / /
 =========|_|==============|___/=/_/_/_/
 :: Spring Boot ::                (v2.6.7)

2022-05-11 06:23:15.135  INFO 330 --- [    Test worker] com.example.app.ApplicationTests         : Starting ApplicationTests using Java 15.0.2 on 4b0afe195df8 with PID 330 (started by root in /srv)
2022-05-11 06:23:15.157  INFO 330 --- [    Test worker] com.example.app.ApplicationTests         : No active profile set, falling back to 1 default profile: "default"
2022-05-11 06:23:16.352 TRACE 330 --- [    Test worker] o.s.w.c.s.GenericWebApplicationContext   : Refreshing org.springframework.web.context.support.GenericWebApplicationContext@3bd55d8, started on Wed May 11 06:23:16 UTC 2022
2022-05-11 06:23:34.849  INFO 330 --- [    Test worker] .s.d.r.c.RepositoryConfigurationDelegate : Bootstrapping Spring Data JPA repositories in DEFAULT mode.
2022-05-11 06:23:38.489  INFO 330 --- [    Test worker] .s.d.r.c.RepositoryConfigurationDelegate : Finished Spring Data repository scanning in 3400 ms. Found 1 JPA repository interfaces.
2022-05-11 06:23:56.712 TRACE 330 --- [    Test worker] o.s.w.c.s.GenericWebApplicationContext   : No 'messageSource' bean, using [Empty MessageSource]
2022-05-11 06:23:56.715 TRACE 330 --- [    Test worker] o.s.w.c.s.GenericWebApplicationContext   : No 'applicationEventMulticaster' bean, using [SimpleApplicationEventMulticaster]
2022-05-11 06:24:02.892  INFO 330 --- [    Test worker] com.zaxxer.hikari.HikariDataSource       : HikariPool-1 - Starting...
2022-05-11 06:24:08.708  INFO 330 --- [    Test worker] com.zaxxer.hikari.HikariDataSource       : HikariPool-1 - Start completed.
2022-05-11 06:24:10.871  INFO 330 --- [    Test worker] o.hibernate.jpa.internal.util.LogHelper  : HHH000204: Processing PersistenceUnitInfo [name: default]
2022-05-11 06:24:14.446  INFO 330 --- [    Test worker] org.hibernate.Version                    : HHH000412: Hibernate ORM core version 5.6.8.Final
2022-05-11 06:24:23.859  INFO 330 --- [    Test worker] o.hibernate.annotations.common.Version   : HCANN000001: Hibernate Commons Annotations {5.1.2.Final}
2022-05-11 06:24:32.120  INFO 330 --- [    Test worker] org.hibernate.dialect.Dialect            : HHH000400: Using dialect: org.hibernate.dialect.MySQL8Dialect
2022-05-11 06:25:00.531  INFO 330 --- [    Test worker] o.h.e.t.j.p.i.JtaPlatformInitiator       : HHH000490: Using JtaPlatform implementation: [org.hibernate.engine.transaction.jta.platform.internal.NoJtaPlatform]
2022-05-11 06:25:01.067  INFO 330 --- [    Test worker] j.LocalContainerEntityManagerFactoryBean : Initialized JPA EntityManagerFactory for persistence unit 'default'
2022-05-11 06:25:16.959  WARN 330 --- [    Test worker] JpaBaseConfiguration$JpaWebConfiguration : spring.jpa.open-in-view is enabled by default. Therefore, database queries may be performed during view rendering. Explicitly configure spring.jpa.open-in-view to disable this warning
2022-05-11 06:25:25.395 DEBUG 330 --- [    Test worker] s.w.s.m.m.a.RequestMappingHandlerAdapter : ControllerAdvice beans: 0 @ModelAttribute, 0 @InitBinder, 1 RequestBodyAdvice, 1 ResponseBodyAdvice
2022-05-11 06:25:29.877 TRACE 330 --- [    Test worker] s.w.s.m.m.a.RequestMappingHandlerMapping : 
	c.e.a.AppApplication:
	{ [/]}: home()
2022-05-11 06:25:29.910 TRACE 330 --- [    Test worker] s.w.s.m.m.a.RequestMappingHandlerMapping : 
	c.e.a.c.HelloController:
	{GET [/]}: index(Model)
2022-05-11 06:25:29.968 TRACE 330 --- [    Test worker] s.w.s.m.m.a.RequestMappingHandlerMapping : 
	c.e.a.c.UserController:
	{GET [/users]}: index(Model)
	{POST [/users]}: create(User)
	{GET [/users/new]}: newUser(Model)
	{GET [/users/{id}]}: show(Long,Model)
	{POST [/users/confirm]}: confirm(String,String,String,Model)
2022-05-11 06:25:29.983 TRACE 330 --- [    Test worker] s.w.s.m.m.a.RequestMappingHandlerMapping : 
	o.s.b.a.w.s.e.BasicErrorController:
	{ [/error]}: error(HttpServletRequest)
	{ [/error], produces [text/html]}: errorHtml(HttpServletRequest,HttpServletResponse)
2022-05-11 06:25:29.995 DEBUG 330 --- [    Test worker] s.w.s.m.m.a.RequestMappingHandlerMapping : 9 mappings in 'requestMappingHandlerMapping'
2022-05-11 06:25:30.278  INFO 330 --- [    Test worker] o.s.b.a.w.s.WelcomePageHandlerMapping    : Adding welcome page template: index
2022-05-11 06:25:31.690 DEBUG 330 --- [    Test worker] o.s.w.s.h.BeanNameUrlHandlerMapping      : Detected 0 mappings in 'beanNameHandlerMapping'
2022-05-11 06:25:32.246 TRACE 330 --- [    Test worker] o.s.w.s.f.support.RouterFunctionMapping  : 0 RouterFunction(s) in 'routerFunctionMapping'
2022-05-11 06:25:32.914 TRACE 330 --- [    Test worker] o.s.w.s.handler.SimpleUrlHandlerMapping  : Mapped [/webjars/**] onto ResourceHttpRequestHandler [classpath [META-INF/resources/webjars/]]
2022-05-11 06:25:32.916 TRACE 330 --- [    Test worker] o.s.w.s.handler.SimpleUrlHandlerMapping  : Mapped [/**] onto ResourceHttpRequestHandler [classpath [META-INF/resources/], classpath [resources/], classpath [static/], classpath [public/], ServletContext [/]]
2022-05-11 06:25:32.918 DEBUG 330 --- [    Test worker] o.s.w.s.handler.SimpleUrlHandlerMapping  : Patterns [/webjars/**, /**] in 'resourceHandlerMapping'
2022-05-11 06:25:33.488 DEBUG 330 --- [    Test worker] .m.m.a.ExceptionHandlerExceptionResolver : ControllerAdvice beans: 0 @ExceptionHandler, 1 ResponseBodyAdvice
2022-05-11 06:25:44.033 TRACE 330 --- [    Test worker] o.s.w.c.s.GenericWebApplicationContext   : Using LifecycleProcessor [org.springframework.context.support.DefaultLifecycleProcessor@4b552b13]
2022-05-11 06:25:44.116  INFO 330 --- [    Test worker] com.example.app.ApplicationTests         : Started ApplicationTests in 158.68 seconds (JVM running for 182.381)
]]></system-out>
  <system-err><![CDATA[]]></system-err>
</testsuite>
