<?xml version="1.0" encoding="UTF-8"?>
<testsuite name="com.example.app.users.UserRepositoryUnitTests" tests="1" skipped="0" failures="0" errors="0" timestamp="2022-05-11T06:27:27" hostname="4b0afe195df8" time="0.953">
  <properties/>
  <testcase name="createメソッドでユーザが新しく生成される()" classname="com.example.app.users.UserRepositoryUnitTests" time="0.953"/>
  <system-out><![CDATA[2022-05-11 06:27:26.768  INFO 330 --- [    Test worker] .b.t.c.SpringBootTestContextBootstrapper : Neither @ContextConfiguration nor @ContextHierarchy found for test class [com.example.app.users.UserRepositoryUnitTests], using SpringBootContextLoader
2022-05-11 06:27:26.830  INFO 330 --- [    Test worker] o.s.t.c.support.AbstractContextLoader    : Could not detect default resource locations for test class [com.example.app.users.UserRepositoryUnitTests]: no resource found for suffixes {-context.xml, Context.groovy}.
2022-05-11 06:27:26.832  INFO 330 --- [    Test worker] t.c.s.AnnotationConfigContextLoaderUtils : Could not detect default configuration classes for test class [com.example.app.users.UserRepositoryUnitTests]: UserRepositoryUnitTests does not declare any static, non-private, non-final, nested classes annotated with @Configuration.
2022-05-11 06:27:27.301  INFO 330 --- [    Test worker] .b.t.c.SpringBootTestContextBootstrapper : Found @SpringBootConfiguration com.example.app.AppApplication for test class com.example.app.users.UserRepositoryUnitTests
2022-05-11 06:27:27.373  INFO 330 --- [    Test worker] .b.t.c.SpringBootTestContextBootstrapper : Loaded default TestExecutionListener class names from location [META-INF/spring.factories]: [org.springframework.boot.test.autoconfigure.restdocs.RestDocsTestExecutionListener, org.springframework.boot.test.autoconfigure.web.client.MockRestServiceServerResetTestExecutionListener, org.springframework.boot.test.autoconfigure.web.servlet.MockMvcPrintOnlyOnFailureTestExecutionListener, org.springframework.boot.test.autoconfigure.web.servlet.WebDriverTestExecutionListener, org.springframework.boot.test.autoconfigure.webservices.client.MockWebServiceServerTestExecutionListener, org.springframework.boot.test.mock.mockito.MockitoTestExecutionListener, org.springframework.boot.test.mock.mockito.ResetMocksTestExecutionListener, org.springframework.test.context.web.ServletTestExecutionListener, org.springframework.test.context.support.DirtiesContextBeforeModesTestExecutionListener, org.springframework.test.context.event.ApplicationEventsTestExecutionListener, org.springframework.test.context.support.DependencyInjectionTestExecutionListener, org.springframework.test.context.support.DirtiesContextTestExecutionListener, org.springframework.test.context.transaction.TransactionalTestExecutionListener, org.springframework.test.context.jdbc.SqlScriptsTestExecutionListener, org.springframework.test.context.event.EventPublishingTestExecutionListener]
2022-05-11 06:27:27.375  INFO 330 --- [    Test worker] .b.t.c.SpringBootTestContextBootstrapper : Using TestExecutionListeners: [org.springframework.test.context.web.ServletTestExecutionListener@47bcd95a, org.springframework.test.context.support.DirtiesContextBeforeModesTestExecutionListener@3fae1ec9, org.springframework.test.context.event.ApplicationEventsTestExecutionListener@331fe6d4, org.springframework.boot.test.mock.mockito.MockitoTestExecutionListener@74832504, org.springframework.boot.test.autoconfigure.SpringBootDependencyInjectionTestExecutionListener@555454c7, org.springframework.test.context.support.DirtiesContextTestExecutionListener@1a4340f2, org.springframework.test.context.transaction.TransactionalTestExecutionListener@56a63c28, org.springframework.test.context.jdbc.SqlScriptsTestExecutionListener@3b6098fd, org.springframework.test.context.event.EventPublishingTestExecutionListener@4ce5013a, org.springframework.boot.test.autoconfigure.restdocs.RestDocsTestExecutionListener@4c219c84, org.springframework.boot.test.autoconfigure.web.client.MockRestServiceServerResetTestExecutionListener@2b01be54, org.springframework.boot.test.autoconfigure.web.servlet.MockMvcPrintOnlyOnFailureTestExecutionListener@14997cb9, org.springframework.boot.test.autoconfigure.web.servlet.WebDriverTestExecutionListener@701153c1, org.springframework.boot.test.autoconfigure.webservices.client.MockWebServiceServerTestExecutionListener@301434fb, org.springframework.boot.test.mock.mockito.ResetMocksTestExecutionListener@1641dfb3]
2022-05-11 06:27:27.449  INFO 330 --- [    Test worker] o.s.t.c.transaction.TransactionContext   : Began transaction (1) for test context [DefaultTestContext@3397c8c0 testClass = UserRepositoryUnitTests, testInstance = com.example.app.users.UserRepositoryUnitTests@22b581a5, testMethod = createメソッドでユーザが新しく生成される@UserRepositoryUnitTests, testException = [null], mergedContextConfiguration = [WebMergedContextConfiguration@3a917e07 testClass = UserRepositoryUnitTests, locations = '{}', classes = '{class com.example.app.AppApplication}', contextInitializerClasses = '[]', activeProfiles = '{}', propertySourceLocations = '{}', propertySourceProperties = '{org.springframework.boot.test.context.SpringBootTestContextBootstrapper=true}', contextCustomizers = set[org.springframework.boot.test.autoconfigure.actuate.metrics.MetricsExportContextCustomizerFactory$DisableMetricExportContextCustomizer@c94fd30, org.springframework.boot.test.autoconfigure.properties.PropertyMappingContextCustomizer@0, org.springframework.boot.test.autoconfigure.web.servlet.WebDriverContextCustomizerFactory$Customizer@31c7528f, [ImportsContextCustomizer@63019596 key = [org.springframework.boot.test.context.TestConfiguration]], org.springframework.boot.test.context.filter.ExcludeFilterContextCustomizer@2f62ea70, org.springframework.boot.test.json.DuplicateJsonObjectContextCustomizerFactory$DuplicateJsonObjectContextCustomizer@53f6fd09, org.springframework.boot.test.mock.mockito.MockitoContextCustomizer@0, org.springframework.boot.test.web.client.TestRestTemplateContextCustomizer@6dab9b6d, org.springframework.boot.test.context.SpringBootTestArgs@1, org.springframework.boot.test.context.SpringBootTestWebEnvironment@762ef0ea], resourceBasePath = 'src/main/webapp', contextLoader = 'org.springframework.boot.test.context.SpringBootContextLoader', parent = [null]], attributes = map['org.springframework.test.context.web.ServletTestExecutionListener.activateListener' -> true, 'org.springframework.test.context.web.ServletTestExecutionListener.populatedRequestContextHolder' -> true, 'org.springframework.test.context.web.ServletTestExecutionListener.resetRequestContextHolder' -> true, 'org.springframework.test.context.event.ApplicationEventsTestExecutionListener.recordApplicationEvents' -> false]]; transaction manager [org.springframework.orm.jpa.JpaTransactionManager@22cce199]; rollback [true]
2022-05-11 06:27:28.393  INFO 330 --- [    Test worker] o.s.t.c.transaction.TransactionContext   : Rolled back transaction for test: [DefaultTestContext@3397c8c0 testClass = UserRepositoryUnitTests, testInstance = com.example.app.users.UserRepositoryUnitTests@22b581a5, testMethod = createメソッドでユーザが新しく生成される@UserRepositoryUnitTests, testException = [null], mergedContextConfiguration = [WebMergedContextConfiguration@3a917e07 testClass = UserRepositoryUnitTests, locations = '{}', classes = '{class com.example.app.AppApplication}', contextInitializerClasses = '[]', activeProfiles = '{}', propertySourceLocations = '{}', propertySourceProperties = '{org.springframework.boot.test.context.SpringBootTestContextBootstrapper=true}', contextCustomizers = set[org.springframework.boot.test.autoconfigure.actuate.metrics.MetricsExportContextCustomizerFactory$DisableMetricExportContextCustomizer@c94fd30, org.springframework.boot.test.autoconfigure.properties.PropertyMappingContextCustomizer@0, org.springframework.boot.test.autoconfigure.web.servlet.WebDriverContextCustomizerFactory$Customizer@31c7528f, [ImportsContextCustomizer@63019596 key = [org.springframework.boot.test.context.TestConfiguration]], org.springframework.boot.test.context.filter.ExcludeFilterContextCustomizer@2f62ea70, org.springframework.boot.test.json.DuplicateJsonObjectContextCustomizerFactory$DuplicateJsonObjectContextCustomizer@53f6fd09, org.springframework.boot.test.mock.mockito.MockitoContextCustomizer@0, org.springframework.boot.test.web.client.TestRestTemplateContextCustomizer@6dab9b6d, org.springframework.boot.test.context.SpringBootTestArgs@1, org.springframework.boot.test.context.SpringBootTestWebEnvironment@762ef0ea], resourceBasePath = 'src/main/webapp', contextLoader = 'org.springframework.boot.test.context.SpringBootContextLoader', parent = [null]], attributes = map['org.springframework.test.context.web.ServletTestExecutionListener.activateListener' -> true, 'org.springframework.test.context.web.ServletTestExecutionListener.populatedRequestContextHolder' -> true, 'org.springframework.test.context.web.ServletTestExecutionListener.resetRequestContextHolder' -> true, 'org.springframework.test.context.event.ApplicationEventsTestExecutionListener.recordApplicationEvents' -> false]]
]]></system-out>
  <system-err><![CDATA[]]></system-err>
</testsuite>
